{"level":"info","message":"Server listening at port 3000"}
{"level":"info","message":"MongoDB connected"}
{"level":"info","message":"Server listening at port 3000"}
{"level":"info","message":"MongoDB connected"}
{"level":"info","message":"Server listening at port 3000"}
{"level":"info","message":"MongoDB connected"}
{"level":"info","message":"Server listening at port 3000"}
{"level":"info","message":"MongoDB connected"}
{"level":"info","message":"::1 - - [22/Nov/2021:06:31:51 +0000] \"POST /auth/login HTTP/1.1\" 200 222 \"-\" \"PostmanRuntime/7.28.4\"\n"}
{"level":"error","message":"404 - not found - /profile/follow/619396e40d92c269dfa767ae - POST - ::1"}
{"level":"info","message":"::1 - - [22/Nov/2021:06:32:13 +0000] \"POST /profile/follow/619396e40d92c269dfa767ae HTTP/1.1\" 404 39 \"-\" \"PostmanRuntime/7.28.4\"\n"}
{"level":"error","message":"404 - not found - /profile/follow/619396e40d92c269dfa767ae - POST - ::1"}
{"level":"info","message":"::1 - - [22/Nov/2021:06:32:21 +0000] \"POST /profile/follow/619396e40d92c269dfa767ae HTTP/1.1\" 404 39 \"-\" \"PostmanRuntime/7.28.4\"\n"}
{"level":"info","message":"Server listening at port 3000"}
{"level":"info","message":"MongoDB connected"}
{"level":"info","message":"Server listening at port 3000"}
{"level":"info","message":"MongoDB connected"}
{"level":"error","message":"404 - not found - /profile/follow/619396e40d92c269dfa767ae - POST - ::1"}
{"level":"info","message":"::1 - - [22/Nov/2021:06:33:18 +0000] \"POST /profile/follow/619396e40d92c269dfa767ae HTTP/1.1\" 404 39 \"-\" \"PostmanRuntime/7.28.4\"\n"}
{"level":"info","message":"Server listening at port 3000"}
{"level":"info","message":"MongoDB connected"}
{"level":"info","message":"Server listening at port 3000"}
{"level":"info","message":"MongoDB connected"}
{"date":"Mon Nov 22 2021 12:04:55 GMT+0530 (India Standard Time)","error":{},"exception":true,"level":"error","message":"uncaughtException: Unexpected identifier\n/home/user/OFF PROJECT/models/user.js:19\n  following: [{ type: mongoose.Types.ObjectId, ref: 'User' }]\n  ^^^^^^^^^\n\nSyntaxError: Unexpected identifier\n    at wrapSafe (internal/modules/cjs/loader.js:988:16)\n    at Module._compile (internal/modules/cjs/loader.js:1036:27)\n    at Object.Module._extensions..js (internal/modules/cjs/loader.js:1101:10)\n    at Module.load (internal/modules/cjs/loader.js:937:32)\n    at Function.Module._load (internal/modules/cjs/loader.js:778:12)\n    at Module.require (internal/modules/cjs/loader.js:961:19)\n    at Module.Hook._require.Module.require (/home/user/OFF PROJECT/node_modules/require-in-the-middle/index.js:80:39)\n    at require (internal/modules/cjs/helpers.js:92:18)\n    at Object.<anonymous> (/home/user/OFF PROJECT/modules/profile/profileService.js:2:14)\n    at Module._compile (internal/modules/cjs/loader.js:1072:14)","os":{"loadavg":[1.03,0.88,0.75],"uptime":4188.55},"process":{"argv":["/usr/local/bin/node","/home/user/OFF PROJECT/node_modules/pm2/lib/ProcessContainerFork.js"],"cwd":"/home/user/OFF PROJECT","execPath":"/usr/local/bin/node","gid":1000,"memoryUsage":{"arrayBuffers":18738694,"external":20390480,"heapTotal":36814848,"heapUsed":23003696,"rss":79081472},"pid":9886,"uid":1000,"version":"v14.17.6"},"stack":"/home/user/OFF PROJECT/models/user.js:19\n  following: [{ type: mongoose.Types.ObjectId, ref: 'User' }]\n  ^^^^^^^^^\n\nSyntaxError: Unexpected identifier\n    at wrapSafe (internal/modules/cjs/loader.js:988:16)\n    at Module._compile (internal/modules/cjs/loader.js:1036:27)\n    at Object.Module._extensions..js (internal/modules/cjs/loader.js:1101:10)\n    at Module.load (internal/modules/cjs/loader.js:937:32)\n    at Function.Module._load (internal/modules/cjs/loader.js:778:12)\n    at Module.require (internal/modules/cjs/loader.js:961:19)\n    at Module.Hook._require.Module.require (/home/user/OFF PROJECT/node_modules/require-in-the-middle/index.js:80:39)\n    at require (internal/modules/cjs/helpers.js:92:18)\n    at Object.<anonymous> (/home/user/OFF PROJECT/modules/profile/profileService.js:2:14)\n    at Module._compile (internal/modules/cjs/loader.js:1072:14)","trace":[{"column":16,"file":"internal/modules/cjs/loader.js","function":"wrapSafe","line":988,"method":null,"native":false},{"column":27,"file":"internal/modules/cjs/loader.js","function":"Module._compile","line":1036,"method":"_compile","native":false},{"column":10,"file":"internal/modules/cjs/loader.js","function":"Module._extensions..js","line":1101,"method":".js","native":false},{"column":32,"file":"internal/modules/cjs/loader.js","function":"Module.load","line":937,"method":"load","native":false},{"column":12,"file":"internal/modules/cjs/loader.js","function":"Module._load","line":778,"method":"_load","native":false},{"column":19,"file":"internal/modules/cjs/loader.js","function":"Module.require","line":961,"method":"require","native":false},{"column":39,"file":"/home/user/OFF PROJECT/node_modules/require-in-the-middle/index.js","function":"Module.require","line":80,"method":"require","native":false},{"column":18,"file":"internal/modules/cjs/helpers.js","function":"require","line":92,"method":null,"native":false},{"column":14,"file":"/home/user/OFF PROJECT/modules/profile/profileService.js","function":null,"line":2,"method":null,"native":false},{"column":14,"file":"internal/modules/cjs/loader.js","function":"Module._compile","line":1072,"method":"_compile","native":false}]}
{"level":"info","message":"MongoDB connected"}
{"level":"info","message":"Server listening at port 3000"}
{"level":"info","message":"MongoDB connected"}
{"level":"info","message":"::1 - - [22/Nov/2021:06:35:59 +0000] \"POST /auth/signup HTTP/1.1\" 200 43 \"-\" \"PostmanRuntime/7.28.4\"\n"}
{"level":"info","message":"::1 - - [22/Nov/2021:06:36:11 +0000] \"POST /auth/login HTTP/1.1\" 200 222 \"-\" \"PostmanRuntime/7.28.4\"\n"}
{"level":"error","message":"404 - not found - /profile/follow/619396e40d92c269dfa767ae - POST - ::1"}
{"level":"info","message":"::1 - - [22/Nov/2021:06:36:18 +0000] \"POST /profile/follow/619396e40d92c269dfa767ae HTTP/1.1\" 404 39 \"-\" \"PostmanRuntime/7.28.4\"\n"}
{"level":"error","message":"404 - not found - /profile/follow/619396e40d92c269dfa767ae - POST - ::1"}
{"level":"info","message":"::1 - - [22/Nov/2021:06:36:19 +0000] \"POST /profile/follow/619396e40d92c269dfa767ae HTTP/1.1\" 404 39 \"-\" \"PostmanRuntime/7.28.4\"\n"}
{"level":"error","message":"404 - not found - /profile/follow/619396e40d92c269dfa767ae - POST - ::1"}
{"level":"info","message":"::1 - - [22/Nov/2021:06:36:20 +0000] \"POST /profile/follow/619396e40d92c269dfa767ae HTTP/1.1\" 404 39 \"-\" \"PostmanRuntime/7.28.4\"\n"}
{"level":"error","message":"404 - not found - /profile/follow/619396e40d92c269dfa767ae - POST - ::1"}
{"level":"info","message":"::1 - - [22/Nov/2021:06:36:21 +0000] \"POST /profile/follow/619396e40d92c269dfa767ae HTTP/1.1\" 404 39 \"-\" \"PostmanRuntime/7.28.4\"\n"}
{"level":"error","message":"404 - not found - /profile/follow/619396e40d92c269dfa767ae - POST - ::1"}
{"level":"info","message":"::1 - - [22/Nov/2021:06:36:37 +0000] \"POST /profile/follow/619396e40d92c269dfa767ae HTTP/1.1\" 404 39 \"-\" \"PostmanRuntime/7.28.4\"\n"}
{"level":"info","message":"Server listening at port 3000"}
{"level":"info","message":"MongoDB connected"}
{"level":"error","message":"404 - not found - /profile/follow/619396e40d92c269dfa767ae - POST - ::1"}
{"level":"info","message":"::1 - - [22/Nov/2021:06:37:30 +0000] \"POST /profile/follow/619396e40d92c269dfa767ae HTTP/1.1\" 404 39 \"-\" \"PostmanRuntime/7.28.4\"\n"}
{"level":"info","message":"Server listening at port 3000"}
{"level":"info","message":"MongoDB connected"}
{"level":"info","message":"Server listening at port 3000"}
{"level":"info","message":"MongoDB connected"}
{"level":"info","message":"Server listening at port 3000"}
{"level":"info","message":"MongoDB connected"}
{"level":"error","message":"404 - not found - /profile/follow/619396e40d92c269dfa767ae - POST - ::1"}
{"level":"info","message":"::1 - - [22/Nov/2021:06:39:03 +0000] \"POST /profile/follow/619396e40d92c269dfa767ae HTTP/1.1\" 404 39 \"-\" \"PostmanRuntime/7.28.4\"\n"}
{"date":"Mon Nov 22 2021 12:34:17 GMT+0530 (India Standard Time)","error":{},"exception":true,"level":"error","message":"uncaughtException: Unexpected token '}'\n/home/user/OFF PROJECT/modules/profile/profileService.js:20\n};\n^\n\nSyntaxError: Unexpected token '}'\n    at wrapSafe (internal/modules/cjs/loader.js:988:16)\n    at Module._compile (internal/modules/cjs/loader.js:1036:27)\n    at Object.Module._extensions..js (internal/modules/cjs/loader.js:1101:10)\n    at Module.load (internal/modules/cjs/loader.js:937:32)\n    at Function.Module._load (internal/modules/cjs/loader.js:778:12)\n    at Module.require (internal/modules/cjs/loader.js:961:19)\n    at Module.Hook._require.Module.require (/home/user/OFF PROJECT/node_modules/require-in-the-middle/index.js:80:39)\n    at require (internal/modules/cjs/helpers.js:92:18)\n    at Object.<anonymous> (/home/user/OFF PROJECT/modules/profile/profileController.js:5:24)\n    at Module._compile (internal/modules/cjs/loader.js:1072:14)","os":{"loadavg":[0.39,0.19,0.26],"uptime":5949.95},"process":{"argv":["/usr/local/bin/node","/home/user/OFF PROJECT/node_modules/pm2/lib/ProcessContainerFork.js"],"cwd":"/home/user/OFF PROJECT","execPath":"/usr/local/bin/node","gid":1000,"memoryUsage":{"arrayBuffers":18738694,"external":20390480,"heapTotal":37076992,"heapUsed":22961376,"rss":78311424},"pid":10888,"uid":1000,"version":"v14.17.6"},"stack":"/home/user/OFF PROJECT/modules/profile/profileService.js:20\n};\n^\n\nSyntaxError: Unexpected token '}'\n    at wrapSafe (internal/modules/cjs/loader.js:988:16)\n    at Module._compile (internal/modules/cjs/loader.js:1036:27)\n    at Object.Module._extensions..js (internal/modules/cjs/loader.js:1101:10)\n    at Module.load (internal/modules/cjs/loader.js:937:32)\n    at Function.Module._load (internal/modules/cjs/loader.js:778:12)\n    at Module.require (internal/modules/cjs/loader.js:961:19)\n    at Module.Hook._require.Module.require (/home/user/OFF PROJECT/node_modules/require-in-the-middle/index.js:80:39)\n    at require (internal/modules/cjs/helpers.js:92:18)\n    at Object.<anonymous> (/home/user/OFF PROJECT/modules/profile/profileController.js:5:24)\n    at Module._compile (internal/modules/cjs/loader.js:1072:14)","trace":[{"column":16,"file":"internal/modules/cjs/loader.js","function":"wrapSafe","line":988,"method":null,"native":false},{"column":27,"file":"internal/modules/cjs/loader.js","function":"Module._compile","line":1036,"method":"_compile","native":false},{"column":10,"file":"internal/modules/cjs/loader.js","function":"Module._extensions..js","line":1101,"method":".js","native":false},{"column":32,"file":"internal/modules/cjs/loader.js","function":"Module.load","line":937,"method":"load","native":false},{"column":12,"file":"internal/modules/cjs/loader.js","function":"Module._load","line":778,"method":"_load","native":false},{"column":19,"file":"internal/modules/cjs/loader.js","function":"Module.require","line":961,"method":"require","native":false},{"column":39,"file":"/home/user/OFF PROJECT/node_modules/require-in-the-middle/index.js","function":"Module.require","line":80,"method":"require","native":false},{"column":18,"file":"internal/modules/cjs/helpers.js","function":"require","line":92,"method":null,"native":false},{"column":24,"file":"/home/user/OFF PROJECT/modules/profile/profileController.js","function":null,"line":5,"method":null,"native":false},{"column":14,"file":"internal/modules/cjs/loader.js","function":"Module._compile","line":1072,"method":"_compile","native":false}]}
{"level":"info","message":"MongoDB connected"}
{"level":"info","message":"Server listening at port 3000"}
{"level":"info","message":"MongoDB connected"}
{"level":"error","message":"404 - not found - /profile/follow/619396e40d92c269dfa767ae - POST - ::1"}
{"level":"info","message":"::1 - - [22/Nov/2021:07:04:37 +0000] \"POST /profile/follow/619396e40d92c269dfa767ae HTTP/1.1\" 404 39 \"-\" \"PostmanRuntime/7.28.4\"\n"}
{"level":"info","message":"Server listening at port 3000"}
{"level":"info","message":"MongoDB connected"}
{"level":"error","message":"404 - not found - /profile/follow/619396e40d92c269dfa767ae - POST - ::1"}
{"level":"info","message":"::1 - - [22/Nov/2021:07:04:49 +0000] \"POST /profile/follow/619396e40d92c269dfa767ae HTTP/1.1\" 404 39 \"-\" \"PostmanRuntime/7.28.4\"\n"}
{"level":"info","message":"Server listening at port 3000"}
{"level":"info","message":"MongoDB connected"}
{"level":"error","message":"404 - not found - /profile/follow/619396e40d92c269dfa767ae - POST - ::1"}
{"level":"info","message":"::1 - - [22/Nov/2021:07:05:33 +0000] \"POST /profile/follow/619396e40d92c269dfa767ae HTTP/1.1\" 404 39 \"-\" \"PostmanRuntime/7.28.4\"\n"}
{"level":"info","message":"Server listening at port 3000"}
{"level":"info","message":"MongoDB connected"}
{"level":"info","message":"Server listening at port 3000"}
{"level":"info","message":"MongoDB connected"}
{"level":"info","message":"Server listening at port 3000"}
{"level":"info","message":"MongoDB connected"}
{"level":"info","message":"Server listening at port 3000"}
{"level":"info","message":"MongoDB connected"}
{"level":"info","message":"Server listening at port 3000"}
{"level":"info","message":"MongoDB connected"}
{"level":"error","message":"404 - not found - /profile/follow/619396e40d92c269dfa767ae - POST - ::1"}
{"level":"info","message":"::1 - - [22/Nov/2021:07:12:05 +0000] \"POST /profile/follow/619396e40d92c269dfa767ae HTTP/1.1\" 404 39 \"-\" \"PostmanRuntime/7.28.4\"\n"}
{"level":"info","message":"Server listening at port 3000"}
{"level":"info","message":"MongoDB connected"}
{"level":"info","message":"Server listening at port 3000"}
{"level":"info","message":"MongoDB connected"}
{"level":"info","message":"Server listening at port 3000"}
{"level":"info","message":"MongoDB connected"}
{"level":"info","message":"Server listening at port 3000"}
{"level":"info","message":"MongoDB connected"}
{"level":"info","message":"::1 - - [22/Nov/2021:07:40:04 +0000] \"GET /article HTTP/1.1\" 200 515 \"-\" \"PostmanRuntime/7.28.4\"\n"}
{"date":"Mon Nov 22 2021 13:14:51 GMT+0530 (India Standard Time)","error":{},"exception":true,"level":"error","message":"uncaughtException: Unexpected token '}'\n/home/user/OFF PROJECT/modules/profile/profileService.js:18\nfollowId: user.followId },\n                        ^\n\nSyntaxError: Unexpected token '}'\n    at wrapSafe (internal/modules/cjs/loader.js:988:16)\n    at Module._compile (internal/modules/cjs/loader.js:1036:27)\n    at Object.Module._extensions..js (internal/modules/cjs/loader.js:1101:10)\n    at Module.load (internal/modules/cjs/loader.js:937:32)\n    at Function.Module._load (internal/modules/cjs/loader.js:778:12)\n    at Module.require (internal/modules/cjs/loader.js:961:19)\n    at Module.Hook._require.Module.require (/home/user/OFF PROJECT/node_modules/require-in-the-middle/index.js:80:39)\n    at require (internal/modules/cjs/helpers.js:92:18)\n    at Object.<anonymous> (/home/user/OFF PROJECT/modules/profile/profileController.js:5:24)\n    at Module._compile (internal/modules/cjs/loader.js:1072:14)","os":{"loadavg":[0.89,1.38,1.58],"uptime":8384.71},"process":{"argv":["/usr/local/bin/node","/home/user/OFF PROJECT/node_modules/pm2/lib/ProcessContainerFork.js"],"cwd":"/home/user/OFF PROJECT","execPath":"/usr/local/bin/node","gid":1000,"memoryUsage":{"arrayBuffers":18730502,"external":20382288,"heapTotal":37339136,"heapUsed":22959528,"rss":77438976},"pid":13863,"uid":1000,"version":"v14.17.6"},"stack":"/home/user/OFF PROJECT/modules/profile/profileService.js:18\nfollowId: user.followId },\n                        ^\n\nSyntaxError: Unexpected token '}'\n    at wrapSafe (internal/modules/cjs/loader.js:988:16)\n    at Module._compile (internal/modules/cjs/loader.js:1036:27)\n    at Object.Module._extensions..js (internal/modules/cjs/loader.js:1101:10)\n    at Module.load (internal/modules/cjs/loader.js:937:32)\n    at Function.Module._load (internal/modules/cjs/loader.js:778:12)\n    at Module.require (internal/modules/cjs/loader.js:961:19)\n    at Module.Hook._require.Module.require (/home/user/OFF PROJECT/node_modules/require-in-the-middle/index.js:80:39)\n    at require (internal/modules/cjs/helpers.js:92:18)\n    at Object.<anonymous> (/home/user/OFF PROJECT/modules/profile/profileController.js:5:24)\n    at Module._compile (internal/modules/cjs/loader.js:1072:14)","trace":[{"column":16,"file":"internal/modules/cjs/loader.js","function":"wrapSafe","line":988,"method":null,"native":false},{"column":27,"file":"internal/modules/cjs/loader.js","function":"Module._compile","line":1036,"method":"_compile","native":false},{"column":10,"file":"internal/modules/cjs/loader.js","function":"Module._extensions..js","line":1101,"method":".js","native":false},{"column":32,"file":"internal/modules/cjs/loader.js","function":"Module.load","line":937,"method":"load","native":false},{"column":12,"file":"internal/modules/cjs/loader.js","function":"Module._load","line":778,"method":"_load","native":false},{"column":19,"file":"internal/modules/cjs/loader.js","function":"Module.require","line":961,"method":"require","native":false},{"column":39,"file":"/home/user/OFF PROJECT/node_modules/require-in-the-middle/index.js","function":"Module.require","line":80,"method":"require","native":false},{"column":18,"file":"internal/modules/cjs/helpers.js","function":"require","line":92,"method":null,"native":false},{"column":24,"file":"/home/user/OFF PROJECT/modules/profile/profileController.js","function":null,"line":5,"method":null,"native":false},{"column":14,"file":"internal/modules/cjs/loader.js","function":"Module._compile","line":1072,"method":"_compile","native":false}]}
{"level":"info","message":"MongoDB connected"}
{"date":"Mon Nov 22 2021 13:16:57 GMT+0530 (India Standard Time)","error":{},"exception":true,"level":"error","message":"uncaughtException: Unexpected token '}'\n/home/user/OFF PROJECT/modules/profile/profileService.js:18\nfollowId: user.followId },\n                        ^\n\nSyntaxError: Unexpected token '}'\n    at wrapSafe (internal/modules/cjs/loader.js:988:16)\n    at Module._compile (internal/modules/cjs/loader.js:1036:27)\n    at Object.Module._extensions..js (internal/modules/cjs/loader.js:1101:10)\n    at Module.load (internal/modules/cjs/loader.js:937:32)\n    at Function.Module._load (internal/modules/cjs/loader.js:778:12)\n    at Module.require (internal/modules/cjs/loader.js:961:19)\n    at Module.Hook._require.Module.require (/home/user/OFF PROJECT/node_modules/require-in-the-middle/index.js:80:39)\n    at require (internal/modules/cjs/helpers.js:92:18)\n    at Object.<anonymous> (/home/user/OFF PROJECT/modules/profile/profileController.js:5:24)\n    at Module._compile (internal/modules/cjs/loader.js:1072:14)","os":{"loadavg":[0.39,1.02,1.42],"uptime":8510.71},"process":{"argv":["/usr/local/bin/node","/home/user/OFF PROJECT/node_modules/pm2/lib/ProcessContainerFork.js"],"cwd":"/home/user/OFF PROJECT","execPath":"/usr/local/bin/node","gid":1000,"memoryUsage":{"arrayBuffers":18738694,"external":20390480,"heapTotal":37339136,"heapUsed":22962536,"rss":77201408},"pid":13959,"uid":1000,"version":"v14.17.6"},"stack":"/home/user/OFF PROJECT/modules/profile/profileService.js:18\nfollowId: user.followId },\n                        ^\n\nSyntaxError: Unexpected token '}'\n    at wrapSafe (internal/modules/cjs/loader.js:988:16)\n    at Module._compile (internal/modules/cjs/loader.js:1036:27)\n    at Object.Module._extensions..js (internal/modules/cjs/loader.js:1101:10)\n    at Module.load (internal/modules/cjs/loader.js:937:32)\n    at Function.Module._load (internal/modules/cjs/loader.js:778:12)\n    at Module.require (internal/modules/cjs/loader.js:961:19)\n    at Module.Hook._require.Module.require (/home/user/OFF PROJECT/node_modules/require-in-the-middle/index.js:80:39)\n    at require (internal/modules/cjs/helpers.js:92:18)\n    at Object.<anonymous> (/home/user/OFF PROJECT/modules/profile/profileController.js:5:24)\n    at Module._compile (internal/modules/cjs/loader.js:1072:14)","trace":[{"column":16,"file":"internal/modules/cjs/loader.js","function":"wrapSafe","line":988,"method":null,"native":false},{"column":27,"file":"internal/modules/cjs/loader.js","function":"Module._compile","line":1036,"method":"_compile","native":false},{"column":10,"file":"internal/modules/cjs/loader.js","function":"Module._extensions..js","line":1101,"method":".js","native":false},{"column":32,"file":"internal/modules/cjs/loader.js","function":"Module.load","line":937,"method":"load","native":false},{"column":12,"file":"internal/modules/cjs/loader.js","function":"Module._load","line":778,"method":"_load","native":false},{"column":19,"file":"internal/modules/cjs/loader.js","function":"Module.require","line":961,"method":"require","native":false},{"column":39,"file":"/home/user/OFF PROJECT/node_modules/require-in-the-middle/index.js","function":"Module.require","line":80,"method":"require","native":false},{"column":18,"file":"internal/modules/cjs/helpers.js","function":"require","line":92,"method":null,"native":false},{"column":24,"file":"/home/user/OFF PROJECT/modules/profile/profileController.js","function":null,"line":5,"method":null,"native":false},{"column":14,"file":"internal/modules/cjs/loader.js","function":"Module._compile","line":1072,"method":"_compile","native":false}]}
{"level":"info","message":"MongoDB connected"}
{"level":"info","message":"Server listening at port 3000"}
{"level":"info","message":"MongoDB connected"}
{"level":"info","message":"Server listening at port 3000"}
{"level":"info","message":"MongoDB connected"}
{"level":"info","message":"Server listening at port 3000"}
{"level":"info","message":"MongoDB connected"}
{"level":"info","message":"Server listening at port 3000"}
{"level":"info","message":"MongoDB connected"}
{"level":"error","message":"404 - not found - /profile/follow/619396e40d92c269dfa767ae - POST - ::1"}
{"level":"info","message":"::1 - - [22/Nov/2021:07:52:12 +0000] \"POST /profile/follow/619396e40d92c269dfa767ae HTTP/1.1\" 404 39 \"-\" \"PostmanRuntime/7.28.4\"\n"}
{"level":"error","message":"404 - not found - /profile/follow/619396e40d92c269dfa767ae - POST - ::1"}
{"level":"info","message":"::1 - - [22/Nov/2021:07:52:13 +0000] \"POST /profile/follow/619396e40d92c269dfa767ae HTTP/1.1\" 404 39 \"-\" \"PostmanRuntime/7.28.4\"\n"}
{"level":"error","message":"404 - not found - /profile/follow/619396e40d92c269dfa767ae - POST - ::1"}
{"level":"info","message":"::1 - - [22/Nov/2021:07:52:13 +0000] \"POST /profile/follow/619396e40d92c269dfa767ae HTTP/1.1\" 404 39 \"-\" \"PostmanRuntime/7.28.4\"\n"}
{"level":"info","message":"Server listening at port 3000"}
{"level":"info","message":"MongoDB connected"}
{"level":"error","message":"404 - not found - /profile/follow/619396e40d92c269dfa767ae - POST - ::1"}
{"level":"info","message":"::1 - - [22/Nov/2021:07:53:00 +0000] \"POST /profile/follow/619396e40d92c269dfa767ae HTTP/1.1\" 404 39 \"-\" \"PostmanRuntime/7.28.4\"\n"}
{"level":"error","message":"404 - not found - /profile/follow/619396e40d92c269dfa767ae - POST - ::1"}
{"level":"info","message":"::1 - - [22/Nov/2021:08:21:29 +0000] \"POST /profile/follow/619396e40d92c269dfa767ae HTTP/1.1\" 404 39 \"-\" \"PostmanRuntime/7.28.4\"\n"}
{"level":"info","message":"Server listening at port 3000"}
{"level":"info","message":"MongoDB connected"}
{"level":"info","message":"Server listening at port 3000"}
{"level":"info","message":"MongoDB connected"}
{"level":"info","message":"Server listening at port 3000"}
{"level":"info","message":"MongoDB connected"}
{"level":"info","message":"Server listening at port 3000"}
{"level":"info","message":"MongoDB connected"}
{"level":"error","message":"404 - not found - /profile/follow/619396e40d92c269dfa767ae - POST - ::1"}
{"level":"info","message":"::1 - - [22/Nov/2021:08:40:12 +0000] \"POST /profile/follow/619396e40d92c269dfa767ae HTTP/1.1\" 404 39 \"-\" \"PostmanRuntime/7.28.4\"\n"}
{"level":"error","message":"404 - not found - /profile/follow/619396e40d92c269dfa767ae - POST - ::1"}
{"level":"info","message":"::1 - - [22/Nov/2021:08:40:13 +0000] \"POST /profile/follow/619396e40d92c269dfa767ae HTTP/1.1\" 404 39 \"-\" \"PostmanRuntime/7.28.4\"\n"}
{"level":"info","message":"Server listening at port 3000"}
{"level":"info","message":"MongoDB connected"}
{"level":"info","message":"Server listening at port 3000"}
{"level":"info","message":"MongoDB connected"}
{"level":"info","message":"Server listening at port 3000"}
{"level":"info","message":"MongoDB connected"}
{"level":"error","message":"404 - not found - /profile/follow/619396e40d92c269dfa767ae - POST - ::1"}
{"level":"info","message":"::1 - - [22/Nov/2021:09:12:21 +0000] \"POST /profile/follow/619396e40d92c269dfa767ae HTTP/1.1\" 404 39 \"-\" \"PostmanRuntime/7.28.4\"\n"}
{"level":"info","message":"::1 - - [22/Nov/2021:09:14:07 +0000] \"POST /auth/signup HTTP/1.1\" 200 43 \"-\" \"PostmanRuntime/7.28.4\"\n"}
{"level":"error","message":"404 - not found - /profile/follow/619b5f5c8ccf2ce29e73ba8d - POST - ::1"}
{"level":"info","message":"::1 - - [22/Nov/2021:09:14:30 +0000] \"POST /profile/follow/619b5f5c8ccf2ce29e73ba8d HTTP/1.1\" 404 39 \"-\" \"PostmanRuntime/7.28.4\"\n"}
{"level":"error","message":"404 - not found - /profile/follow/619b5f5c8ccf2ce29e73ba8d - POST - ::1"}
{"level":"info","message":"::1 - - [22/Nov/2021:09:14:31 +0000] \"POST /profile/follow/619b5f5c8ccf2ce29e73ba8d HTTP/1.1\" 404 39 \"-\" \"PostmanRuntime/7.28.4\"\n"}
{"level":"error","message":"404 - not found - /profile/follow/619b5f5c8ccf2ce29e73ba8d - POST - ::1"}
{"level":"info","message":"::1 - - [22/Nov/2021:09:14:39 +0000] \"POST /profile/follow/619b5f5c8ccf2ce29e73ba8d HTTP/1.1\" 404 39 \"-\" \"PostmanRuntime/7.28.4\"\n"}
{"level":"error","message":"404 - not found - /profile/follow/619b5f5c8ccf2ce29e73ba8d - POST - ::1"}
{"level":"info","message":"::1 - - [22/Nov/2021:09:14:40 +0000] \"POST /profile/follow/619b5f5c8ccf2ce29e73ba8d HTTP/1.1\" 404 39 \"-\" \"PostmanRuntime/7.28.4\"\n"}
{"level":"info","message":"::1 - - [22/Nov/2021:09:14:49 +0000] \"POST /auth/login HTTP/1.1\" 200 222 \"-\" \"PostmanRuntime/7.28.4\"\n"}
{"level":"error","message":"404 - not found - /profile/follow/619b5f5c8ccf2ce29e73ba8d - POST - ::1"}
{"level":"info","message":"::1 - - [22/Nov/2021:09:14:58 +0000] \"POST /profile/follow/619b5f5c8ccf2ce29e73ba8d HTTP/1.1\" 404 39 \"-\" \"PostmanRuntime/7.28.4\"\n"}
{"level":"info","message":"Server listening at port 3000"}
{"level":"info","message":"MongoDB connected"}
{"level":"info","message":"Server listening at port 3000"}
{"level":"info","message":"MongoDB connected"}
{"level":"info","message":"Server listening at port 3000"}
{"level":"info","message":"MongoDB connected"}
{"level":"info","message":"Server listening at port 3000"}
{"level":"info","message":"MongoDB connected"}
{"level":"error","message":"404 - not found - /profile/follow/619b5f5c8ccf2ce29e73ba8d - POST - ::1"}
{"level":"info","message":"::1 - - [22/Nov/2021:09:19:03 +0000] \"POST /profile/follow/619b5f5c8ccf2ce29e73ba8d HTTP/1.1\" 404 39 \"-\" \"PostmanRuntime/7.28.4\"\n"}
{"level":"error","message":"404 - not found - /profile/follow/619b5f5c8ccf2ce29e73ba8d - POST - ::1"}
{"level":"info","message":"::1 - - [22/Nov/2021:09:19:05 +0000] \"POST /profile/follow/619b5f5c8ccf2ce29e73ba8d HTTP/1.1\" 404 39 \"-\" \"PostmanRuntime/7.28.4\"\n"}
{"level":"info","message":"Server listening at port 3000"}
{"level":"info","message":"MongoDB connected"}
{"level":"info","message":"Server listening at port 3000"}
{"level":"info","message":"MongoDB connected"}
{"level":"info","message":"Server listening at port 3000"}
{"level":"info","message":"MongoDB connected"}
{"level":"error","message":"404 - not found - /profile/follow/619b5f5c8ccf2ce29e73ba8d - POST - ::1"}
{"level":"info","message":"::1 - - [22/Nov/2021:09:20:21 +0000] \"POST /profile/follow/619b5f5c8ccf2ce29e73ba8d HTTP/1.1\" 404 39 \"-\" \"PostmanRuntime/7.28.4\"\n"}
{"date":"Mon Nov 22 2021 16:00:35 GMT+0530 (India Standard Time)","error":{},"exception":true,"level":"error","message":"uncaughtException: unfollow is not defined\nReferenceError: unfollow is not defined\n    at Object.<anonymous> (/home/user/OFF PROJECT/routes/profile.js:9:33)\n    at Module._compile (internal/modules/cjs/loader.js:1072:14)\n    at Object.Module._extensions..js (internal/modules/cjs/loader.js:1101:10)\n    at Module.load (internal/modules/cjs/loader.js:937:32)\n    at Function.Module._load (internal/modules/cjs/loader.js:778:12)\n    at Module.require (internal/modules/cjs/loader.js:961:19)\n    at Module.Hook._require.Module.require (/home/user/OFF PROJECT/node_modules/require-in-the-middle/index.js:80:39)\n    at require (internal/modules/cjs/helpers.js:92:18)\n    at Object.<anonymous> (/home/user/OFF PROJECT/routes/index.js:7:17)\n    at Module._compile (internal/modules/cjs/loader.js:1072:14)\n    at Object.Module._extensions..js (internal/modules/cjs/loader.js:1101:10)\n    at Module.load (internal/modules/cjs/loader.js:937:32)\n    at Function.Module._load (internal/modules/cjs/loader.js:778:12)\n    at Module.require (internal/modules/cjs/loader.js:961:19)\n    at Module.Hook._require.Module.require (/home/user/OFF PROJECT/node_modules/require-in-the-middle/index.js:80:39)\n    at require (internal/modules/cjs/helpers.js:92:18)","os":{"loadavg":[2.35,1.06,0.56],"uptime":18326.99},"process":{"argv":["/usr/local/bin/node","/home/user/OFF PROJECT/node_modules/pm2/lib/ProcessContainerFork.js"],"cwd":"/home/user/OFF PROJECT","execPath":"/usr/local/bin/node","gid":1000,"memoryUsage":{"arrayBuffers":18375613,"external":20038129,"heapTotal":73273344,"heapUsed":44927224,"rss":114688000},"pid":18694,"uid":1000,"version":"v14.17.6"},"stack":"ReferenceError: unfollow is not defined\n    at Object.<anonymous> (/home/user/OFF PROJECT/routes/profile.js:9:33)\n    at Module._compile (internal/modules/cjs/loader.js:1072:14)\n    at Object.Module._extensions..js (internal/modules/cjs/loader.js:1101:10)\n    at Module.load (internal/modules/cjs/loader.js:937:32)\n    at Function.Module._load (internal/modules/cjs/loader.js:778:12)\n    at Module.require (internal/modules/cjs/loader.js:961:19)\n    at Module.Hook._require.Module.require (/home/user/OFF PROJECT/node_modules/require-in-the-middle/index.js:80:39)\n    at require (internal/modules/cjs/helpers.js:92:18)\n    at Object.<anonymous> (/home/user/OFF PROJECT/routes/index.js:7:17)\n    at Module._compile (internal/modules/cjs/loader.js:1072:14)\n    at Object.Module._extensions..js (internal/modules/cjs/loader.js:1101:10)\n    at Module.load (internal/modules/cjs/loader.js:937:32)\n    at Function.Module._load (internal/modules/cjs/loader.js:778:12)\n    at Module.require (internal/modules/cjs/loader.js:961:19)\n    at Module.Hook._require.Module.require (/home/user/OFF PROJECT/node_modules/require-in-the-middle/index.js:80:39)\n    at require (internal/modules/cjs/helpers.js:92:18)","trace":[{"column":33,"file":"/home/user/OFF PROJECT/routes/profile.js","function":null,"line":9,"method":null,"native":false},{"column":14,"file":"internal/modules/cjs/loader.js","function":"Module._compile","line":1072,"method":"_compile","native":false},{"column":10,"file":"internal/modules/cjs/loader.js","function":"Module._extensions..js","line":1101,"method":".js","native":false},{"column":32,"file":"internal/modules/cjs/loader.js","function":"Module.load","line":937,"method":"load","native":false},{"column":12,"file":"internal/modules/cjs/loader.js","function":"Module._load","line":778,"method":"_load","native":false},{"column":19,"file":"internal/modules/cjs/loader.js","function":"Module.require","line":961,"method":"require","native":false},{"column":39,"file":"/home/user/OFF PROJECT/node_modules/require-in-the-middle/index.js","function":"Module.require","line":80,"method":"require","native":false},{"column":18,"file":"internal/modules/cjs/helpers.js","function":"require","line":92,"method":null,"native":false},{"column":17,"file":"/home/user/OFF PROJECT/routes/index.js","function":null,"line":7,"method":null,"native":false},{"column":14,"file":"internal/modules/cjs/loader.js","function":"Module._compile","line":1072,"method":"_compile","native":false},{"column":10,"file":"internal/modules/cjs/loader.js","function":"Module._extensions..js","line":1101,"method":".js","native":false},{"column":32,"file":"internal/modules/cjs/loader.js","function":"Module.load","line":937,"method":"load","native":false},{"column":12,"file":"internal/modules/cjs/loader.js","function":"Module._load","line":778,"method":"_load","native":false},{"column":19,"file":"internal/modules/cjs/loader.js","function":"Module.require","line":961,"method":"require","native":false},{"column":39,"file":"/home/user/OFF PROJECT/node_modules/require-in-the-middle/index.js","function":"Module.require","line":80,"method":"require","native":false},{"column":18,"file":"internal/modules/cjs/helpers.js","function":"require","line":92,"method":null,"native":false}]}
{"level":"info","message":"MongoDB connected"}
{"date":"Mon Nov 22 2021 16:00:45 GMT+0530 (India Standard Time)","error":{},"exception":true,"level":"error","message":"uncaughtException: Route.put() requires a callback function but got a [object Undefined]\nError: Route.put() requires a callback function but got a [object Undefined]\n    at Route.<computed> [as put] (/home/user/OFF PROJECT/node_modules/express/lib/router/route.js:202:15)\n    at Function.proto.<computed> [as put] (/home/user/OFF PROJECT/node_modules/express/lib/router/index.js:510:19)\n    at Object.<anonymous> (/home/user/OFF PROJECT/routes/profile.js:9:8)\n    at Module._compile (internal/modules/cjs/loader.js:1072:14)\n    at Object.Module._extensions..js (internal/modules/cjs/loader.js:1101:10)\n    at Module.load (internal/modules/cjs/loader.js:937:32)\n    at Function.Module._load (internal/modules/cjs/loader.js:778:12)\n    at Module.require (internal/modules/cjs/loader.js:961:19)\n    at Module.Hook._require.Module.require (/home/user/OFF PROJECT/node_modules/require-in-the-middle/index.js:80:39)\n    at require (internal/modules/cjs/helpers.js:92:18)\n    at Object.<anonymous> (/home/user/OFF PROJECT/routes/index.js:7:17)\n    at Module._compile (internal/modules/cjs/loader.js:1072:14)\n    at Object.Module._extensions..js (internal/modules/cjs/loader.js:1101:10)\n    at Module.load (internal/modules/cjs/loader.js:937:32)\n    at Function.Module._load (internal/modules/cjs/loader.js:778:12)\n    at Module.require (internal/modules/cjs/loader.js:961:19)","os":{"loadavg":[2.53,1.14,0.59],"uptime":18336.38},"process":{"argv":["/usr/local/bin/node","/home/user/OFF PROJECT/node_modules/pm2/lib/ProcessContainerFork.js"],"cwd":"/home/user/OFF PROJECT","execPath":"/usr/local/bin/node","gid":1000,"memoryUsage":{"arrayBuffers":18404297,"external":20066813,"heapTotal":72753152,"heapUsed":45331024,"rss":113987584},"pid":18744,"uid":1000,"version":"v14.17.6"},"stack":"Error: Route.put() requires a callback function but got a [object Undefined]\n    at Route.<computed> [as put] (/home/user/OFF PROJECT/node_modules/express/lib/router/route.js:202:15)\n    at Function.proto.<computed> [as put] (/home/user/OFF PROJECT/node_modules/express/lib/router/index.js:510:19)\n    at Object.<anonymous> (/home/user/OFF PROJECT/routes/profile.js:9:8)\n    at Module._compile (internal/modules/cjs/loader.js:1072:14)\n    at Object.Module._extensions..js (internal/modules/cjs/loader.js:1101:10)\n    at Module.load (internal/modules/cjs/loader.js:937:32)\n    at Function.Module._load (internal/modules/cjs/loader.js:778:12)\n    at Module.require (internal/modules/cjs/loader.js:961:19)\n    at Module.Hook._require.Module.require (/home/user/OFF PROJECT/node_modules/require-in-the-middle/index.js:80:39)\n    at require (internal/modules/cjs/helpers.js:92:18)\n    at Object.<anonymous> (/home/user/OFF PROJECT/routes/index.js:7:17)\n    at Module._compile (internal/modules/cjs/loader.js:1072:14)\n    at Object.Module._extensions..js (internal/modules/cjs/loader.js:1101:10)\n    at Module.load (internal/modules/cjs/loader.js:937:32)\n    at Function.Module._load (internal/modules/cjs/loader.js:778:12)\n    at Module.require (internal/modules/cjs/loader.js:961:19)","trace":[{"column":15,"file":"/home/user/OFF PROJECT/node_modules/express/lib/router/route.js","function":"Route.<computed> [as put]","line":202,"method":"<computed> [as put]","native":false},{"column":19,"file":"/home/user/OFF PROJECT/node_modules/express/lib/router/index.js","function":"Function.proto.<computed> [as put]","line":510,"method":"<computed> [as put]","native":false},{"column":8,"file":"/home/user/OFF PROJECT/routes/profile.js","function":null,"line":9,"method":null,"native":false},{"column":14,"file":"internal/modules/cjs/loader.js","function":"Module._compile","line":1072,"method":"_compile","native":false},{"column":10,"file":"internal/modules/cjs/loader.js","function":"Module._extensions..js","line":1101,"method":".js","native":false},{"column":32,"file":"internal/modules/cjs/loader.js","function":"Module.load","line":937,"method":"load","native":false},{"column":12,"file":"internal/modules/cjs/loader.js","function":"Module._load","line":778,"method":"_load","native":false},{"column":19,"file":"internal/modules/cjs/loader.js","function":"Module.require","line":961,"method":"require","native":false},{"column":39,"file":"/home/user/OFF PROJECT/node_modules/require-in-the-middle/index.js","function":"Module.require","line":80,"method":"require","native":false},{"column":18,"file":"internal/modules/cjs/helpers.js","function":"require","line":92,"method":null,"native":false},{"column":17,"file":"/home/user/OFF PROJECT/routes/index.js","function":null,"line":7,"method":null,"native":false},{"column":14,"file":"internal/modules/cjs/loader.js","function":"Module._compile","line":1072,"method":"_compile","native":false},{"column":10,"file":"internal/modules/cjs/loader.js","function":"Module._extensions..js","line":1101,"method":".js","native":false},{"column":32,"file":"internal/modules/cjs/loader.js","function":"Module.load","line":937,"method":"load","native":false},{"column":12,"file":"internal/modules/cjs/loader.js","function":"Module._load","line":778,"method":"_load","native":false},{"column":19,"file":"internal/modules/cjs/loader.js","function":"Module.require","line":961,"method":"require","native":false}]}
{"level":"info","message":"MongoDB connected"}
{"date":"Mon Nov 22 2021 16:01:03 GMT+0530 (India Standard Time)","error":{},"exception":true,"level":"error","message":"uncaughtException: Route.delete() requires a callback function but got a [object Undefined]\nError: Route.delete() requires a callback function but got a [object Undefined]\n    at Route.<computed> [as delete] (/home/user/OFF PROJECT/node_modules/express/lib/router/route.js:202:15)\n    at Function.proto.<computed> [as delete] (/home/user/OFF PROJECT/node_modules/express/lib/router/index.js:510:19)\n    at Object.<anonymous> (/home/user/OFF PROJECT/routes/profile.js:9:14)\n    at Module._compile (internal/modules/cjs/loader.js:1072:14)\n    at Object.Module._extensions..js (internal/modules/cjs/loader.js:1101:10)\n    at Module.load (internal/modules/cjs/loader.js:937:32)\n    at Function.Module._load (internal/modules/cjs/loader.js:778:12)\n    at Module.require (internal/modules/cjs/loader.js:961:19)\n    at Module.Hook._require.Module.require (/home/user/OFF PROJECT/node_modules/require-in-the-middle/index.js:80:39)\n    at require (internal/modules/cjs/helpers.js:92:18)\n    at Object.<anonymous> (/home/user/OFF PROJECT/routes/index.js:7:17)\n    at Module._compile (internal/modules/cjs/loader.js:1072:14)\n    at Object.Module._extensions..js (internal/modules/cjs/loader.js:1101:10)\n    at Module.load (internal/modules/cjs/loader.js:937:32)\n    at Function.Module._load (internal/modules/cjs/loader.js:778:12)\n    at Module.require (internal/modules/cjs/loader.js:961:19)","os":{"loadavg":[2.48,1.2,0.62],"uptime":18354.85},"process":{"argv":["/usr/local/bin/node","/home/user/OFF PROJECT/node_modules/pm2/lib/ProcessContainerFork.js"],"cwd":"/home/user/OFF PROJECT","execPath":"/usr/local/bin/node","gid":1000,"memoryUsage":{"arrayBuffers":18383805,"external":20046321,"heapTotal":72486912,"heapUsed":45003256,"rss":114237440},"pid":18797,"uid":1000,"version":"v14.17.6"},"stack":"Error: Route.delete() requires a callback function but got a [object Undefined]\n    at Route.<computed> [as delete] (/home/user/OFF PROJECT/node_modules/express/lib/router/route.js:202:15)\n    at Function.proto.<computed> [as delete] (/home/user/OFF PROJECT/node_modules/express/lib/router/index.js:510:19)\n    at Object.<anonymous> (/home/user/OFF PROJECT/routes/profile.js:9:14)\n    at Module._compile (internal/modules/cjs/loader.js:1072:14)\n    at Object.Module._extensions..js (internal/modules/cjs/loader.js:1101:10)\n    at Module.load (internal/modules/cjs/loader.js:937:32)\n    at Function.Module._load (internal/modules/cjs/loader.js:778:12)\n    at Module.require (internal/modules/cjs/loader.js:961:19)\n    at Module.Hook._require.Module.require (/home/user/OFF PROJECT/node_modules/require-in-the-middle/index.js:80:39)\n    at require (internal/modules/cjs/helpers.js:92:18)\n    at Object.<anonymous> (/home/user/OFF PROJECT/routes/index.js:7:17)\n    at Module._compile (internal/modules/cjs/loader.js:1072:14)\n    at Object.Module._extensions..js (internal/modules/cjs/loader.js:1101:10)\n    at Module.load (internal/modules/cjs/loader.js:937:32)\n    at Function.Module._load (internal/modules/cjs/loader.js:778:12)\n    at Module.require (internal/modules/cjs/loader.js:961:19)","trace":[{"column":15,"file":"/home/user/OFF PROJECT/node_modules/express/lib/router/route.js","function":"Route.<computed> [as delete]","line":202,"method":"<computed> [as delete]","native":false},{"column":19,"file":"/home/user/OFF PROJECT/node_modules/express/lib/router/index.js","function":"Function.proto.<computed> [as delete]","line":510,"method":"<computed> [as delete]","native":false},{"column":14,"file":"/home/user/OFF PROJECT/routes/profile.js","function":null,"line":9,"method":null,"native":false},{"column":14,"file":"internal/modules/cjs/loader.js","function":"Module._compile","line":1072,"method":"_compile","native":false},{"column":10,"file":"internal/modules/cjs/loader.js","function":"Module._extensions..js","line":1101,"method":".js","native":false},{"column":32,"file":"internal/modules/cjs/loader.js","function":"Module.load","line":937,"method":"load","native":false},{"column":12,"file":"internal/modules/cjs/loader.js","function":"Module._load","line":778,"method":"_load","native":false},{"column":19,"file":"internal/modules/cjs/loader.js","function":"Module.require","line":961,"method":"require","native":false},{"column":39,"file":"/home/user/OFF PROJECT/node_modules/require-in-the-middle/index.js","function":"Module.require","line":80,"method":"require","native":false},{"column":18,"file":"internal/modules/cjs/helpers.js","function":"require","line":92,"method":null,"native":false},{"column":17,"file":"/home/user/OFF PROJECT/routes/index.js","function":null,"line":7,"method":null,"native":false},{"column":14,"file":"internal/modules/cjs/loader.js","function":"Module._compile","line":1072,"method":"_compile","native":false},{"column":10,"file":"internal/modules/cjs/loader.js","function":"Module._extensions..js","line":1101,"method":".js","native":false},{"column":32,"file":"internal/modules/cjs/loader.js","function":"Module.load","line":937,"method":"load","native":false},{"column":12,"file":"internal/modules/cjs/loader.js","function":"Module._load","line":778,"method":"_load","native":false},{"column":19,"file":"internal/modules/cjs/loader.js","function":"Module.require","line":961,"method":"require","native":false}]}
{"level":"info","message":"MongoDB connected"}
{"level":"info","message":"Server listening at port 3000"}
{"level":"info","message":"MongoDB connected"}
{"level":"info","message":"Server listening at port 3000"}
{"level":"info","message":"MongoDB connected"}
{"level":"info","message":"Server listening at port 3000"}
{"level":"info","message":"MongoDB connected"}
{"level":"info","message":"Server listening at port 3000"}
{"level":"info","message":"MongoDB connected"}
{"level":"info","message":"Server listening at port 3000"}
{"level":"info","message":"MongoDB connected"}
{"level":"info","message":"Server listening at port 3000"}
{"level":"info","message":"MongoDB connected"}
{"level":"info","message":"Server listening at port 3000"}
{"level":"info","message":"MongoDB connected"}
{"level":"info","message":"Server listening at port 3000"}
{"level":"info","message":"MongoDB connected"}
{"level":"info","message":"Server listening at port 3000"}
{"level":"info","message":"MongoDB connected"}
{"level":"info","message":"Server listening at port 3000"}
{"level":"info","message":"MongoDB connected"}
{"level":"info","message":"Server listening at port 3000"}
{"level":"info","message":"MongoDB connected"}
{"level":"info","message":"Server listening at port 3000"}
{"level":"info","message":"MongoDB connected"}
{"level":"info","message":"Server listening at port 3000"}
{"level":"info","message":"MongoDB connected"}
{"level":"error","message":"404 - not found - /profile/follow/619b5f5c8ccf2ce29e73ba8d - POST - ::1"}
{"level":"info","message":"::1 - - [22/Nov/2021:10:38:42 +0000] \"POST /profile/follow/619b5f5c8ccf2ce29e73ba8d HTTP/1.1\" 404 39 \"-\" \"PostmanRuntime/7.28.4\"\n"}
{"level":"info","message":"::1 - - [22/Nov/2021:10:38:53 +0000] \"POST /profile/follow/619b5f5c8ccf2ce29e73ba8d HTTP/1.1\" 400 43 \"-\" \"PostmanRuntime/7.28.4\"\n"}
{"level":"error","message":"404 - not found - /profile/follow/619b5f5c8ccf2ce29e73ba8d - POST - ::1"}
{"level":"info","message":"::1 - - [22/Nov/2021:10:38:58 +0000] \"POST /profile/follow/619b5f5c8ccf2ce29e73ba8d HTTP/1.1\" 404 39 \"-\" \"PostmanRuntime/7.28.4\"\n"}
{"level":"error","message":"404 - not found - /profile/follow/619b5f5c8ccf2ce29e73ba8e - POST - ::1"}
{"level":"info","message":"::1 - - [22/Nov/2021:10:39:02 +0000] \"POST /profile/follow/619b5f5c8ccf2ce29e73ba8e HTTP/1.1\" 404 39 \"-\" \"PostmanRuntime/7.28.4\"\n"}
{"level":"info","message":"Server listening at port 3000"}
{"level":"info","message":"MongoDB connected"}
{"level":"info","message":"Server listening at port 3000"}
{"level":"info","message":"MongoDB connected"}
{"level":"error","message":"404 - not found - /profile/follow/619b5f5c8ccf2ce29e73ba8d - POST - ::1"}
{"level":"info","message":"::1 - - [22/Nov/2021:10:40:28 +0000] \"POST /profile/follow/619b5f5c8ccf2ce29e73ba8d HTTP/1.1\" 404 39 \"-\" \"PostmanRuntime/7.28.4\"\n"}
{"level":"error","message":"404 - not found - /profile/follow/619b5f5c8ccf2ce29e73ba8d - POST - ::1"}
{"level":"info","message":"::1 - - [22/Nov/2021:10:40:29 +0000] \"POST /profile/follow/619b5f5c8ccf2ce29e73ba8d HTTP/1.1\" 404 39 \"-\" \"PostmanRuntime/7.28.4\"\n"}
{"level":"info","message":"Server listening at port 3000"}
{"level":"info","message":"MongoDB connected"}
{"level":"error","message":"404 - not found - /profile/follow/619b5f5c8ccf2ce29e73ba8d - POST - ::1"}
{"level":"info","message":"::1 - - [22/Nov/2021:10:40:36 +0000] \"POST /profile/follow/619b5f5c8ccf2ce29e73ba8d HTTP/1.1\" 404 39 \"-\" \"PostmanRuntime/7.28.4\"\n"}
{"level":"info","message":"Server listening at port 3000"}
{"level":"info","message":"MongoDB connected"}
{"level":"info","message":"Server listening at port 3000"}
{"level":"info","message":"MongoDB connected"}
{"level":"info","message":"Server listening at port 3000"}
{"level":"info","message":"MongoDB connected"}
{"level":"info","message":"Server listening at port 3000"}
{"level":"info","message":"MongoDB connected"}
{"level":"info","message":"Server listening at port 3000"}
{"level":"info","message":"MongoDB connected"}
{"level":"info","message":"Server listening at port 3000"}
{"level":"info","message":"MongoDB connected"}
{"level":"info","message":"Server listening at port 3000"}
{"level":"info","message":"MongoDB connected"}
{"level":"info","message":"Server listening at port 3000"}
{"level":"info","message":"MongoDB connected"}
{"level":"error","message":"404 - not found - /profile/follow/619b5f5c8ccf2ce29e73ba8d - POST - ::1"}
{"level":"info","message":"::1 - - [22/Nov/2021:10:44:32 +0000] \"POST /profile/follow/619b5f5c8ccf2ce29e73ba8d HTTP/1.1\" 404 39 \"-\" \"PostmanRuntime/7.28.4\"\n"}
{"level":"info","message":"Server listening at port 3000"}
{"level":"info","message":"MongoDB connected"}
{"level":"info","message":"Server listening at port 3000"}
{"level":"info","message":"MongoDB connected"}
{"level":"info","message":"Server listening at port 3000"}
{"level":"info","message":"MongoDB connected"}
{"level":"error","message":"404 - not found - /profile/follow/619b5f5c8ccf2ce29e73ba8d - POST - ::1"}
{"level":"info","message":"::1 - - [22/Nov/2021:10:46:27 +0000] \"POST /profile/follow/619b5f5c8ccf2ce29e73ba8d HTTP/1.1\" 404 39 \"-\" \"PostmanRuntime/7.28.4\"\n"}
{"level":"info","message":"Server listening at port 3000"}
{"level":"info","message":"MongoDB connected"}
{"level":"info","message":"Server listening at port 3000"}
{"level":"info","message":"MongoDB connected"}
{"level":"info","message":"Server listening at port 3000"}
{"level":"info","message":"MongoDB connected"}
{"level":"info","message":"Server listening at port 3000"}
{"level":"info","message":"MongoDB connected"}
{"level":"info","message":"Server listening at port 3000"}
{"level":"info","message":"MongoDB connected"}
{"level":"info","message":"Server listening at port 3000"}
{"level":"info","message":"MongoDB connected"}
{"level":"info","message":"Server listening at port 3000"}
{"level":"info","message":"MongoDB connected"}
{"level":"info","message":"Server listening at port 3000"}
{"level":"info","message":"MongoDB connected"}
{"level":"info","message":"Server listening at port 3000"}
{"level":"info","message":"MongoDB connected"}
{"level":"info","message":"Server listening at port 3000"}
{"level":"info","message":"MongoDB connected"}
{"level":"info","message":"Server listening at port 3000"}
{"level":"info","message":"MongoDB connected"}
{"level":"error","message":"404 - not found - /profile/follow/619b5f5c8ccf2ce29e73ba8d - POST - ::1"}
{"level":"info","message":"::1 - - [22/Nov/2021:12:06:35 +0000] \"POST /profile/follow/619b5f5c8ccf2ce29e73ba8d HTTP/1.1\" 404 39 \"-\" \"PostmanRuntime/7.28.4\"\n"}
{"level":"error","message":"404 - not found - /profile/follow/619b5f5c8ccf2ce29e73ba8d - POST - ::1"}
{"level":"info","message":"::1 - - [22/Nov/2021:12:10:39 +0000] \"POST /profile/follow/619b5f5c8ccf2ce29e73ba8d HTTP/1.1\" 404 39 \"-\" \"PostmanRuntime/7.28.4\"\n"}
{"level":"info","message":"Server listening at port 3000"}
{"level":"info","message":"MongoDB connected"}
{"level":"info","message":"Server listening at port 3000"}
{"level":"info","message":"MongoDB connected"}
{"level":"error","message":"404 - not found - /profile/follow/619b5f5c8ccf2ce29e73ba8d - POST - ::1"}
{"level":"info","message":"::1 - - [22/Nov/2021:12:20:27 +0000] \"POST /profile/follow/619b5f5c8ccf2ce29e73ba8d HTTP/1.1\" 404 39 \"-\" \"PostmanRuntime/7.28.4\"\n"}
{"level":"info","message":"Server listening at port 3000"}
{"level":"info","message":"MongoDB connected"}
{"level":"info","message":"::1 - - [22/Nov/2021:12:22:09 +0000] \"PUT /profile/follow/619b5f5c8ccf2ce29e73ba8d HTTP/1.1\" 200 37 \"-\" \"PostmanRuntime/7.28.4\"\n"}
{"level":"info","message":"Server listening at port 3000"}
{"level":"info","message":"MongoDB connected"}
{"level":"info","message":"Server listening at port 3000"}
{"level":"info","message":"MongoDB connected"}
{"level":"info","message":"::1 - - [22/Nov/2021:12:25:12 +0000] \"PUT /profile/follow/619b5f5c8ccf2ce29e73ba8d HTTP/1.1\" 200 37 \"-\" \"PostmanRuntime/7.28.4\"\n"}
{"level":"info","message":"Server listening at port 3000"}
{"level":"info","message":"MongoDB connected"}
{"level":"info","message":"Server listening at port 3000"}
{"level":"info","message":"MongoDB connected"}
{"level":"info","message":"Server listening at port 3000"}
{"level":"info","message":"MongoDB connected"}
{"level":"info","message":"::1 - - [22/Nov/2021:12:34:40 +0000] \"PUT /profile/follow/619b5f5c8ccf2ce29e73ba8d HTTP/1.1\" 200 37 \"-\" \"PostmanRuntime/7.28.4\"\n"}
{"level":"info","message":"Server listening at port 3000"}
{"level":"info","message":"MongoDB connected"}
{"level":"info","message":"Server listening at port 3000"}
{"level":"info","message":"MongoDB connected"}
{"level":"info","message":"::1 - - [22/Nov/2021:12:43:34 +0000] \"PUT /profile/follow/619b5f5c8ccf2ce29e73ba8d HTTP/1.1\" 200 37 \"-\" \"PostmanRuntime/7.28.4\"\n"}
{"level":"error","message":"404 - not found - /profile/follow/619b5f5c8ccf2ce29e73ba8d - DELETE - ::1"}
{"level":"info","message":"::1 - - [22/Nov/2021:12:44:22 +0000] \"DELETE /profile/follow/619b5f5c8ccf2ce29e73ba8d HTTP/1.1\" 404 39 \"-\" \"PostmanRuntime/7.28.4\"\n"}
{"level":"error","message":"404 - not found - /profile/follow/619b5f5c8ccf2ce29e73ba8d - DELETE - ::1"}
{"level":"info","message":"::1 - - [22/Nov/2021:12:44:24 +0000] \"DELETE /profile/follow/619b5f5c8ccf2ce29e73ba8d HTTP/1.1\" 404 39 \"-\" \"PostmanRuntime/7.28.4\"\n"}
{"level":"info","message":"::1 - - [22/Nov/2021:12:45:03 +0000] \"DELETE /profile/unfollow/619b5f5c8ccf2ce29e73ba8d HTTP/1.1\" 200 39 \"-\" \"PostmanRuntime/7.28.4\"\n"}
{"level":"info","message":"Server listening at port 3000"}
{"level":"info","message":"MongoDB connected"}
{"level":"info","message":"::1 - - [22/Nov/2021:12:45:18 +0000] \"PUT /profile/follow/619b5f5c8ccf2ce29e73ba8d HTTP/1.1\" 400 17 \"-\" \"PostmanRuntime/7.28.4\"\n"}
{"level":"info","message":"::1 - - [22/Nov/2021:12:45:19 +0000] \"PUT /profile/follow/619b5f5c8ccf2ce29e73ba8d HTTP/1.1\" 400 17 \"-\" \"PostmanRuntime/7.28.4\"\n"}
{"level":"info","message":"::1 - - [22/Nov/2021:12:45:20 +0000] \"PUT /profile/follow/619b5f5c8ccf2ce29e73ba8d HTTP/1.1\" 400 17 \"-\" \"PostmanRuntime/7.28.4\"\n"}
{"level":"info","message":"::1 - - [22/Nov/2021:12:45:23 +0000] \"PUT /profile/follow/619b5f5c8ccf2ce29e73ba8d HTTP/1.1\" 400 17 \"-\" \"PostmanRuntime/7.28.4\"\n"}
{"level":"info","message":"::1 - - [22/Nov/2021:12:45:24 +0000] \"PUT /profile/follow/619b5f5c8ccf2ce29e73ba8d HTTP/1.1\" 400 17 \"-\" \"PostmanRuntime/7.28.4\"\n"}
{"level":"info","message":"::1 - - [22/Nov/2021:12:45:24 +0000] \"PUT /profile/follow/619b5f5c8ccf2ce29e73ba8d HTTP/1.1\" 400 17 \"-\" \"PostmanRuntime/7.28.4\"\n"}
{"level":"info","message":"::1 - - [22/Nov/2021:12:45:25 +0000] \"PUT /profile/follow/619b5f5c8ccf2ce29e73ba8d HTTP/1.1\" 400 17 \"-\" \"PostmanRuntime/7.28.4\"\n"}
{"level":"info","message":"::1 - - [22/Nov/2021:12:54:11 +0000] \"POST /auth/signup HTTP/1.1\" 200 43 \"-\" \"PostmanRuntime/7.28.4\"\n"}
{"level":"info","message":"::1 - - [22/Nov/2021:12:54:24 +0000] \"POST /auth/signup HTTP/1.1\" 200 43 \"-\" \"PostmanRuntime/7.28.4\"\n"}
{"level":"info","message":"::1 - - [22/Nov/2021:12:54:35 +0000] \"POST /auth/login HTTP/1.1\" 200 222 \"-\" \"PostmanRuntime/7.28.4\"\n"}
{"level":"info","message":"::1 - - [22/Nov/2021:12:54:56 +0000] \"PUT /profile/follow/619b92fe3fb162c72051ec7b HTTP/1.1\" 200 37 \"-\" \"PostmanRuntime/7.28.4\"\n"}
{"level":"info","message":"Server listening at port 3000"}
{"level":"info","message":"MongoDB connected"}
{"level":"info","message":"::1 - - [22/Nov/2021:12:56:26 +0000] \"DELETE /profile/unfollow/619b92fe3fb162c72051ec7b HTTP/1.1\" 400 43 \"-\" \"PostmanRuntime/7.28.4\"\n"}
{"level":"info","message":"::1 - - [22/Nov/2021:12:56:46 +0000] \"DELETE /profile/unfollow/619b92fe3fb162c72051ec7b HTTP/1.1\" 200 39 \"-\" \"PostmanRuntime/7.28.4\"\n"}
{"level":"info","message":"Server listening at port 3000"}
{"level":"info","message":"MongoDB connected"}
{"level":"info","message":"Server listening at port 3000"}
{"level":"info","message":"MongoDB connected"}
{"level":"info","message":"::1 - - [22/Nov/2021:13:40:23 +0000] \"POST /auth/signup HTTP/1.1\" 200 43 \"-\" \"PostmanRuntime/7.28.4\"\n"}
{"level":"info","message":"::1 - - [22/Nov/2021:13:40:32 +0000] \"POST /auth/signup HTTP/1.1\" 200 43 \"-\" \"PostmanRuntime/7.28.4\"\n"}
{"level":"info","message":"::1 - - [22/Nov/2021:13:40:39 +0000] \"POST /auth/login HTTP/1.1\" 200 222 \"-\" \"PostmanRuntime/7.28.4\"\n"}
{"level":"info","message":"::1 - - [22/Nov/2021:13:41:01 +0000] \"PUT /profile/follow/619b9dc589f168cf9dfc6a63 HTTP/1.1\" 200 37 \"-\" \"PostmanRuntime/7.28.4\"\n"}
{"level":"info","message":"::1 - - [22/Nov/2021:13:41:23 +0000] \"PUT /profile/unfollow/619b92fe3fb162c72051ec7b HTTP/1.1\" 200 39 \"-\" \"PostmanRuntime/7.28.4\"\n"}
{"level":"info","message":"Server listening at port 3000"}
{"level":"info","message":"MongoDB connected"}
{"level":"info","message":"Server listening at port 3000"}
{"level":"info","message":"MongoDB connected"}
