{"level":"info","message":"Server listening at port 3000"}
{"level":"info","message":"MongoDB connected"}
{"level":"info","message":"Server listening at port 3000"}
{"level":"info","message":"MongoDB connected"}
{"level":"info","message":"Server listening at port 3000"}
{"level":"info","message":"MongoDB connected"}
{"level":"info","message":"Server listening at port 3000"}
{"level":"info","message":"MongoDB connected"}
{"level":"info","message":"::1 - - [19/Nov/2021:05:15:30 +0000] \"POST /article/6195e4b198f73c5cde571af4/comment HTTP/1.1\" 200 44 \"-\" \"PostmanRuntime/7.28.4\"\n"}
{"level":"info","message":"::1 - - [19/Nov/2021:05:15:37 +0000] \"POST /article/6195e4b198f73c5cde571af4/comment HTTP/1.1\" 200 44 \"-\" \"PostmanRuntime/7.28.4\"\n"}
{"level":"info","message":"::1 - - [19/Nov/2021:05:15:45 +0000] \"POST /article/6195e4b198f73c5cde571af4/comment HTTP/1.1\" 200 44 \"-\" \"PostmanRuntime/7.28.4\"\n"}
{"level":"info","message":"::1 - - [19/Nov/2021:05:17:06 +0000] \"PUT /article/6195e4b198f73c5cde571af4/comment/619732f95f50c6bbf67946d5 HTTP/1.1\" 400 43 \"-\" \"PostmanRuntime/7.28.4\"\n"}
{"level":"info","message":"::1 - - [19/Nov/2021:05:17:22 +0000] \"PUT /article/6195e4b198f73c5cde571af4/comment/619732f95f50c6bbf67946d5 HTTP/1.1\" 200 44 \"-\" \"PostmanRuntime/7.28.4\"\n"}
{"level":"info","message":"::1 - - [19/Nov/2021:05:17:36 +0000] \"PUT /article/6195e4b198f73c5cde571af4/comment/619732f95f50c6bbf67946d5 HTTP/1.1\" 200 44 \"-\" \"PostmanRuntime/7.28.4\"\n"}
{"level":"info","message":"::1 - - [19/Nov/2021:05:18:32 +0000] \"PUT /article/6196364f2f636e6ed4015c0c HTTP/1.1\" 200 44 \"-\" \"PostmanRuntime/7.28.4\"\n"}
{"level":"info","message":"::1 - - [19/Nov/2021:05:18:49 +0000] \"PUT /article/6196364f2f636e6ed4015c0c HTTP/1.1\" 200 44 \"-\" \"PostmanRuntime/7.28.4\"\n"}
{"level":"info","message":"::1 - - [19/Nov/2021:05:19:41 +0000] \"PUT /article/6195e4b198f73c5cde571af4/comment/619732f95f50c6bbf67946d5 HTTP/1.1\" 200 44 \"-\" \"PostmanRuntime/7.28.4\"\n"}
{"level":"info","message":"Server listening at port 3000"}
{"level":"info","message":"MongoDB connected"}
{"level":"info","message":"Server listening at port 3000"}
{"level":"info","message":"MongoDB connected"}
{"level":"info","message":"Server listening at port 3000"}
{"level":"info","message":"MongoDB connected"}
{"level":"info","message":"Server listening at port 3000"}
{"level":"info","message":"MongoDB connected"}
{"level":"info","message":"Server listening at port 3000"}
{"level":"info","message":"MongoDB connected"}
{"level":"info","message":"Server listening at port 3000"}
{"level":"info","message":"MongoDB connected"}
{"level":"info","message":"Server listening at port 3000"}
{"level":"info","message":"MongoDB connected"}
{"level":"info","message":"::1 - - [19/Nov/2021:05:32:45 +0000] \"POST /auth/login HTTP/1.1\" 200 222 \"-\" \"PostmanRuntime/7.28.4\"\n"}
{"level":"info","message":"::1 - - [19/Nov/2021:05:32:54 +0000] \"POST /article/6196364f2f636e6ed4015c0c HTTP/1.1\" 200 47 \"-\" \"PostmanRuntime/7.28.4\"\n"}
{"level":"info","message":"::1 - - [19/Nov/2021:05:41:48 +0000] \"GET /article/6195e4b198f73c5cde571af4/comment HTTP/1.1\" 200 606 \"-\" \"PostmanRuntime/7.28.4\"\n"}
{"level":"info","message":"Server listening at port 3000"}
{"level":"info","message":"MongoDB connected"}
{"level":"info","message":"::1 - - [19/Nov/2021:05:47:13 +0000] \"PUT /article/6196364f2f636e6ed4015c0c HTTP/1.1\" 200 44 \"-\" \"PostmanRuntime/7.28.4\"\n"}
{"level":"info","message":"Server listening at port 3000"}
{"level":"info","message":"MongoDB connected"}
{"level":"error","message":"MongoServerError: E11000 duplicate key error collection: official.articles index: title_1 dup key: { : \"234\" }"}
{"level":"info","message":"::1 - - [19/Nov/2021:05:48:03 +0000] \"PUT /article/6196364f2f636e6ed4015c0c HTTP/1.1\" 500 174 \"-\" \"PostmanRuntime/7.28.4\"\n"}
{"level":"info","message":"::1 - - [19/Nov/2021:05:48:19 +0000] \"PUT /article/6196364f2f636e6ed4015c0c HTTP/1.1\" 200 44 \"-\" \"PostmanRuntime/7.28.4\"\n"}
{"level":"info","message":"Server listening at port 3000"}
{"level":"info","message":"MongoDB connected"}
{"level":"info","message":"Server listening at port 3000"}
{"level":"info","message":"MongoDB connected"}
{"level":"info","message":"Server listening at port 3000"}
{"level":"info","message":"MongoDB connected"}
{"level":"info","message":"Server listening at port 3000"}
{"level":"info","message":"MongoDB connected"}
{"level":"info","message":"Server listening at port 3000"}
{"level":"info","message":"MongoDB connected"}
{"level":"info","message":"Server listening at port 3000"}
{"level":"info","message":"MongoDB connected"}
{"level":"info","message":"Server listening at port 3000"}
{"level":"info","message":"MongoDB connected"}
{"level":"info","message":"::1 - - [19/Nov/2021:06:15:01 +0000] \"PUT /article/6196364f2f636e6ed4015c0c HTTP/1.1\" 200 44 \"-\" \"PostmanRuntime/7.28.4\"\n"}
{"level":"info","message":"::1 - - [19/Nov/2021:06:15:26 +0000] \"DELETE /article/6196364f2f636e6ed4015c0c HTTP/1.1\" 200 44 \"-\" \"PostmanRuntime/7.28.4\"\n"}
{"level":"info","message":"::1 - - [19/Nov/2021:06:16:15 +0000] \"PUT /article/6195e4b198f73c5cde571af4/comment/619732f25f50c6bbf67946d2 HTTP/1.1\" 200 44 \"-\" \"PostmanRuntime/7.28.4\"\n"}
{"level":"info","message":"Server listening at port 3000"}
{"level":"info","message":"MongoDB connected"}
{"level":"info","message":"::1 - - [19/Nov/2021:06:17:59 +0000] \"PUT /article/6195e4b198f73c5cde571af4/comment/619732f25f50c6bbf67946d2 HTTP/1.1\" 200 44 \"-\" \"PostmanRuntime/7.28.4\"\n"}
{"level":"error","message":"CastError: Cast to ObjectId failed for value \"{ _id: { _id: '619732f25f50c6bbf67946d2' } }\" (type Object) at path \"_id\" for model \"comment\""}
{"level":"info","message":"::1 - - [19/Nov/2021:06:18:38 +0000] \"DELETE /article/6195e4b198f73c5cde571af4/comment/619732f25f50c6bbf67946d2 HTTP/1.1\" 500 207 \"-\" \"PostmanRuntime/7.28.4\"\n"}
{"level":"info","message":"Server listening at port 3000"}
{"level":"info","message":"MongoDB connected"}
{"level":"info","message":"::1 - - [19/Nov/2021:06:19:41 +0000] \"DELETE /article/6195e4b198f73c5cde571af4/comment/619732f25f50c6bbf67946d2 HTTP/1.1\" 200 44 \"-\" \"PostmanRuntime/7.28.4\"\n"}
{"level":"info","message":"::1 - - [19/Nov/2021:06:20:18 +0000] \"POST /article/6196364f2f636e6ed4015c0c HTTP/1.1\" 200 47 \"-\" \"PostmanRuntime/7.28.4\"\n"}
{"level":"info","message":"Server listening at port 3000"}
{"level":"info","message":"MongoDB connected"}
{"level":"info","message":"Server listening at port 3000"}
{"level":"info","message":"MongoDB connected"}
{"level":"error","message":"MongoServerError: E11000 duplicate key error collection: official.favorites index: user_1 dup key: { : ObjectId('6193aefa307aba65146065bd') }"}
{"level":"info","message":"::1 - - [19/Nov/2021:06:22:11 +0000] \"POST /article/6196364f2f636e6ed4015c0c HTTP/1.1\" 500 203 \"-\" \"PostmanRuntime/7.28.4\"\n"}
{"level":"info","message":"::1 - - [19/Nov/2021:06:22:27 +0000] \"POST /article/6196364f2f636e6ed4015c0c HTTP/1.1\" 200 47 \"-\" \"PostmanRuntime/7.28.4\"\n"}
{"level":"info","message":"Server listening at port 3000"}
{"level":"info","message":"MongoDB connected"}
{"level":"error","message":"MongoServerError: E11000 duplicate key error collection: official.favorites index: user_1 dup key: { : ObjectId('6193aefa307aba65146065bd') }"}
{"level":"info","message":"::1 - - [19/Nov/2021:06:26:19 +0000] \"POST /article/6196364f2f636e6ed4015c0c HTTP/1.1\" 500 203 \"-\" \"PostmanRuntime/7.28.4\"\n"}
{"level":"info","message":"::1 - - [19/Nov/2021:06:26:41 +0000] \"POST /article/6196364f2f636e6ed4015c0c HTTP/1.1\" 200 47 \"-\" \"PostmanRuntime/7.28.4\"\n"}
{"level":"info","message":"Server listening at port 3000"}
{"level":"info","message":"MongoDB connected"}
{"level":"info","message":"::1 - - [19/Nov/2021:06:27:53 +0000] \"POST /article/6196364f2f636e6ed4015c0c HTTP/1.1\" 200 47 \"-\" \"PostmanRuntime/7.28.4\"\n"}
{"level":"info","message":"::1 - - [19/Nov/2021:06:28:06 +0000] \"POST /article/6196364f2f636e6ed4015c0c HTTP/1.1\" 200 47 \"-\" \"PostmanRuntime/7.28.4\"\n"}
{"level":"info","message":"Server listening at port 3000"}
{"level":"info","message":"MongoDB connected"}
{"level":"error","message":"404 - not found - /article/favorite/6196364f2f636e6ed4015c0c - POST - ::1"}
{"level":"info","message":"::1 - - [19/Nov/2021:06:30:33 +0000] \"POST /article/favorite/6196364f2f636e6ed4015c0c HTTP/1.1\" 404 39 \"-\" \"PostmanRuntime/7.28.4\"\n"}
{"level":"info","message":"Server listening at port 3000"}
{"level":"info","message":"MongoDB connected"}
{"level":"info","message":"::1 - - [19/Nov/2021:06:30:59 +0000] \"POST /article/favorite/6196364f2f636e6ed4015c0c HTTP/1.1\" 200 47 \"-\" \"PostmanRuntime/7.28.4\"\n"}
{"level":"info","message":"Server listening at port 3000"}
{"level":"info","message":"MongoDB connected"}
{"level":"info","message":"Server listening at port 3000"}
{"level":"info","message":"MongoDB connected"}
{"level":"info","message":"Server listening at port 3000"}
{"level":"info","message":"MongoDB connected"}
{"level":"info","message":"Server listening at port 3000"}
{"level":"info","message":"MongoDB connected"}
{"level":"info","message":"::1 - - [19/Nov/2021:06:35:53 +0000] \"POST /article/favorite/6196364f2f636e6ed4015c0c HTTP/1.1\" 200 47 \"-\" \"PostmanRuntime/7.28.4\"\n"}
{"level":"info","message":"Server listening at port 3000"}
{"level":"info","message":"MongoDB connected"}
{"level":"error","message":"404 - not found - /6196364f2f636e6ed4015c0c/favorite - POST - ::1"}
{"level":"info","message":"::1 - - [19/Nov/2021:06:38:38 +0000] \"POST /6196364f2f636e6ed4015c0c/favorite HTTP/1.1\" 404 39 \"-\" \"PostmanRuntime/7.28.4\"\n"}
{"level":"info","message":"Server listening at port 3000"}
{"level":"info","message":"MongoDB connected"}
{"level":"error","message":"404 - not found - /6196368e2f636e6ed4015c11/favorite - POST - ::1"}
{"level":"info","message":"::1 - - [19/Nov/2021:06:40:06 +0000] \"POST /6196368e2f636e6ed4015c11/favorite HTTP/1.1\" 404 39 \"-\" \"PostmanRuntime/7.28.4\"\n"}
{"level":"info","message":"::1 - - [19/Nov/2021:06:40:31 +0000] \"POST /article/6196368e2f636e6ed4015c11/favorite HTTP/1.1\" 200 47 \"-\" \"PostmanRuntime/7.28.4\"\n"}
{"level":"info","message":"Server listening at port 3000"}
{"level":"info","message":"MongoDB connected"}
{"level":"info","message":"Server listening at port 3000"}
{"level":"info","message":"MongoDB connected"}
{"level":"info","message":"::1 - - [19/Nov/2021:07:15:25 +0000] \"POST /article/6196368e2f636e6ed4015c11/favorite HTTP/1.1\" 200 47 \"-\" \"PostmanRuntime/7.28.4\"\n"}
{"level":"info","message":"Server listening at port 3000"}
{"level":"info","message":"MongoDB connected"}
{"date":"Fri Nov 19 2021 12:45:46 GMT+0530 (India Standard Time)","error":{},"exception":true,"level":"error","message":"uncaughtException: Unexpected identifier\n/home/user/OFF PROJECT/modules/favorite/favoriteController.js:14\n      article: article\n      ^^^^^^^\n\nSyntaxError: Unexpected identifier\n    at wrapSafe (internal/modules/cjs/loader.js:988:16)\n    at Module._compile (internal/modules/cjs/loader.js:1036:27)\n    at Object.Module._extensions..js (internal/modules/cjs/loader.js:1101:10)\n    at Module.load (internal/modules/cjs/loader.js:937:32)\n    at Function.Module._load (internal/modules/cjs/loader.js:778:12)\n    at Module.require (internal/modules/cjs/loader.js:961:19)\n    at Module.Hook._require.Module.require (/home/user/OFF PROJECT/node_modules/require-in-the-middle/index.js:80:39)\n    at require (internal/modules/cjs/helpers.js:92:18)\n    at Object.<anonymous> (/home/user/OFF PROJECT/routes/favorite.js:6:28)\n    at Module._compile (internal/modules/cjs/loader.js:1072:14)\n    at Object.Module._extensions..js (internal/modules/cjs/loader.js:1101:10)\n    at Module.load (internal/modules/cjs/loader.js:937:32)\n    at Function.Module._load (internal/modules/cjs/loader.js:778:12)\n    at Module.require (internal/modules/cjs/loader.js:961:19)\n    at Module.Hook._require.Module.require (/home/user/OFF PROJECT/node_modules/require-in-the-middle/index.js:80:39)\n    at require (internal/modules/cjs/helpers.js:92:18)","os":{"loadavg":[0.73,0.32,0.32],"uptime":8122.43},"process":{"argv":["/usr/local/bin/node","/home/user/OFF PROJECT/node_modules/pm2/lib/ProcessContainerFork.js"],"cwd":"/home/user/OFF PROJECT","execPath":"/usr/local/bin/node","gid":1000,"memoryUsage":{"arrayBuffers":18391997,"external":20054513,"heapTotal":72749056,"heapUsed":45468864,"rss":115507200},"pid":11717,"uid":1000,"version":"v14.17.6"},"stack":"/home/user/OFF PROJECT/modules/favorite/favoriteController.js:14\n      article: article\n      ^^^^^^^\n\nSyntaxError: Unexpected identifier\n    at wrapSafe (internal/modules/cjs/loader.js:988:16)\n    at Module._compile (internal/modules/cjs/loader.js:1036:27)\n    at Object.Module._extensions..js (internal/modules/cjs/loader.js:1101:10)\n    at Module.load (internal/modules/cjs/loader.js:937:32)\n    at Function.Module._load (internal/modules/cjs/loader.js:778:12)\n    at Module.require (internal/modules/cjs/loader.js:961:19)\n    at Module.Hook._require.Module.require (/home/user/OFF PROJECT/node_modules/require-in-the-middle/index.js:80:39)\n    at require (internal/modules/cjs/helpers.js:92:18)\n    at Object.<anonymous> (/home/user/OFF PROJECT/routes/favorite.js:6:28)\n    at Module._compile (internal/modules/cjs/loader.js:1072:14)\n    at Object.Module._extensions..js (internal/modules/cjs/loader.js:1101:10)\n    at Module.load (internal/modules/cjs/loader.js:937:32)\n    at Function.Module._load (internal/modules/cjs/loader.js:778:12)\n    at Module.require (internal/modules/cjs/loader.js:961:19)\n    at Module.Hook._require.Module.require (/home/user/OFF PROJECT/node_modules/require-in-the-middle/index.js:80:39)\n    at require (internal/modules/cjs/helpers.js:92:18)","trace":[{"column":16,"file":"internal/modules/cjs/loader.js","function":"wrapSafe","line":988,"method":null,"native":false},{"column":27,"file":"internal/modules/cjs/loader.js","function":"Module._compile","line":1036,"method":"_compile","native":false},{"column":10,"file":"internal/modules/cjs/loader.js","function":"Module._extensions..js","line":1101,"method":".js","native":false},{"column":32,"file":"internal/modules/cjs/loader.js","function":"Module.load","line":937,"method":"load","native":false},{"column":12,"file":"internal/modules/cjs/loader.js","function":"Module._load","line":778,"method":"_load","native":false},{"column":19,"file":"internal/modules/cjs/loader.js","function":"Module.require","line":961,"method":"require","native":false},{"column":39,"file":"/home/user/OFF PROJECT/node_modules/require-in-the-middle/index.js","function":"Module.require","line":80,"method":"require","native":false},{"column":18,"file":"internal/modules/cjs/helpers.js","function":"require","line":92,"method":null,"native":false},{"column":28,"file":"/home/user/OFF PROJECT/routes/favorite.js","function":null,"line":6,"method":null,"native":false},{"column":14,"file":"internal/modules/cjs/loader.js","function":"Module._compile","line":1072,"method":"_compile","native":false},{"column":10,"file":"internal/modules/cjs/loader.js","function":"Module._extensions..js","line":1101,"method":".js","native":false},{"column":32,"file":"internal/modules/cjs/loader.js","function":"Module.load","line":937,"method":"load","native":false},{"column":12,"file":"internal/modules/cjs/loader.js","function":"Module._load","line":778,"method":"_load","native":false},{"column":19,"file":"internal/modules/cjs/loader.js","function":"Module.require","line":961,"method":"require","native":false},{"column":39,"file":"/home/user/OFF PROJECT/node_modules/require-in-the-middle/index.js","function":"Module.require","line":80,"method":"require","native":false},{"column":18,"file":"internal/modules/cjs/helpers.js","function":"require","line":92,"method":null,"native":false}]}
{"level":"info","message":"MongoDB connected"}
{"level":"info","message":"Server listening at port 3000"}
{"level":"info","message":"MongoDB connected"}
{"level":"error","message":"MongoServerError: E11000 duplicate key error collection: official.favorites index: user_1 dup key: { : ObjectId('6193aefa307aba65146065bd') }"}
{"level":"info","message":"::1 - - [19/Nov/2021:07:18:02 +0000] \"POST /article/6196368e2f636e6ed4015c11/favorite HTTP/1.1\" 500 203 \"-\" \"PostmanRuntime/7.28.4\"\n"}
{"level":"info","message":"::1 - - [19/Nov/2021:07:18:23 +0000] \"POST /article/6196368e2f636e6ed4015c11/favorite HTTP/1.1\" 200 47 \"-\" \"PostmanRuntime/7.28.4\"\n"}
{"level":"info","message":"::1 - - [19/Nov/2021:07:20:40 +0000] \"POST /article/6196368e2f636e6ed4015c21/favorite HTTP/1.1\" 200 47 \"-\" \"PostmanRuntime/7.28.4\"\n"}
{"level":"info","message":"::1 - - [19/Nov/2021:07:20:51 +0000] \"POST /article/6196368e2f636e6ed4015c21/favorite HTTP/1.1\" 200 47 \"-\" \"PostmanRuntime/7.28.4\"\n"}
{"level":"info","message":"::1 - - [19/Nov/2021:07:20:53 +0000] \"POST /article/6196368e2f636e6ed4015c21/favorite HTTP/1.1\" 200 47 \"-\" \"PostmanRuntime/7.28.4\"\n"}
{"level":"info","message":"::1 - - [19/Nov/2021:07:20:53 +0000] \"POST /article/6196368e2f636e6ed4015c21/favorite HTTP/1.1\" 200 47 \"-\" \"PostmanRuntime/7.28.4\"\n"}
{"level":"info","message":"::1 - - [19/Nov/2021:07:20:54 +0000] \"POST /article/6196368e2f636e6ed4015c21/favorite HTTP/1.1\" 200 47 \"-\" \"PostmanRuntime/7.28.4\"\n"}
{"level":"info","message":"::1 - - [19/Nov/2021:07:20:55 +0000] \"POST /article/6196368e2f636e6ed4015c21/favorite HTTP/1.1\" 200 47 \"-\" \"PostmanRuntime/7.28.4\"\n"}
{"level":"info","message":"::1 - - [19/Nov/2021:07:20:55 +0000] \"POST /article/6196368e2f636e6ed4015c21/favorite HTTP/1.1\" 200 47 \"-\" \"PostmanRuntime/7.28.4\"\n"}
{"level":"info","message":"::1 - - [19/Nov/2021:07:20:56 +0000] \"POST /article/6196368e2f636e6ed4015c21/favorite HTTP/1.1\" 200 47 \"-\" \"PostmanRuntime/7.28.4\"\n"}
{"level":"info","message":"::1 - - [19/Nov/2021:07:20:56 +0000] \"POST /article/6196368e2f636e6ed4015c21/favorite HTTP/1.1\" 200 47 \"-\" \"PostmanRuntime/7.28.4\"\n"}
{"level":"info","message":"Server listening at port 3000"}
{"level":"info","message":"MongoDB connected"}
{"level":"info","message":"::1 - - [19/Nov/2021:07:21:47 +0000] \"POST /article/6196368e2f636e6ed4015c11/favorite HTTP/1.1\" 200 47 \"-\" \"PostmanRuntime/7.28.4\"\n"}
{"level":"error","message":"MongoServerError: E11000 duplicate key error collection: official.favorites index: user_1 dup key: { : ObjectId('6193aefa307aba65146065bd') }"}
{"level":"info","message":"::1 - - [19/Nov/2021:07:21:58 +0000] \"POST /article/6196368e2f636e6ed4015c11/favorite HTTP/1.1\" 500 203 \"-\" \"PostmanRuntime/7.28.4\"\n"}
{"level":"info","message":"Server listening at port 3000"}
{"level":"info","message":"MongoDB connected"}
{"level":"info","message":"::1 - - [19/Nov/2021:07:26:52 +0000] \"POST /article/6196368e2f636e6ed4015c11/favorite HTTP/1.1\" 200 47 \"-\" \"PostmanRuntime/7.28.4\"\n"}
{"date":"Fri Nov 19 2021 12:58:11 GMT+0530 (India Standard Time)","error":{},"exception":true,"level":"error","message":"uncaughtException: Route.delete() requires a callback function but got a [object Undefined]\nError: Route.delete() requires a callback function but got a [object Undefined]\n    at Route.<computed> [as delete] (/home/user/OFF PROJECT/node_modules/express/lib/router/route.js:202:15)\n    at Function.proto.<computed> [as delete] (/home/user/OFF PROJECT/node_modules/express/lib/router/index.js:510:19)\n    at Object.<anonymous> (/home/user/OFF PROJECT/routes/favorite.js:8:14)\n    at Module._compile (internal/modules/cjs/loader.js:1072:14)\n    at Object.Module._extensions..js (internal/modules/cjs/loader.js:1101:10)\n    at Module.load (internal/modules/cjs/loader.js:937:32)\n    at Function.Module._load (internal/modules/cjs/loader.js:778:12)\n    at Module.require (internal/modules/cjs/loader.js:961:19)\n    at Module.Hook._require.Module.require (/home/user/OFF PROJECT/node_modules/require-in-the-middle/index.js:80:39)\n    at require (internal/modules/cjs/helpers.js:92:18)\n    at Object.<anonymous> (/home/user/OFF PROJECT/routes/article.js:7:18)\n    at Module._compile (internal/modules/cjs/loader.js:1072:14)\n    at Object.Module._extensions..js (internal/modules/cjs/loader.js:1101:10)\n    at Module.load (internal/modules/cjs/loader.js:937:32)\n    at Function.Module._load (internal/modules/cjs/loader.js:778:12)\n    at Module.require (internal/modules/cjs/loader.js:961:19)","os":{"loadavg":[1.49,0.82,0.59],"uptime":8867.72},"process":{"argv":["/usr/local/bin/node","/home/user/OFF PROJECT/node_modules/pm2/lib/ProcessContainerFork.js"],"cwd":"/home/user/OFF PROJECT","execPath":"/usr/local/bin/node","gid":1000,"memoryUsage":{"arrayBuffers":18375613,"external":20038129,"heapTotal":72486912,"heapUsed":45513032,"rss":114769920},"pid":12470,"uid":1000,"version":"v14.17.6"},"stack":"Error: Route.delete() requires a callback function but got a [object Undefined]\n    at Route.<computed> [as delete] (/home/user/OFF PROJECT/node_modules/express/lib/router/route.js:202:15)\n    at Function.proto.<computed> [as delete] (/home/user/OFF PROJECT/node_modules/express/lib/router/index.js:510:19)\n    at Object.<anonymous> (/home/user/OFF PROJECT/routes/favorite.js:8:14)\n    at Module._compile (internal/modules/cjs/loader.js:1072:14)\n    at Object.Module._extensions..js (internal/modules/cjs/loader.js:1101:10)\n    at Module.load (internal/modules/cjs/loader.js:937:32)\n    at Function.Module._load (internal/modules/cjs/loader.js:778:12)\n    at Module.require (internal/modules/cjs/loader.js:961:19)\n    at Module.Hook._require.Module.require (/home/user/OFF PROJECT/node_modules/require-in-the-middle/index.js:80:39)\n    at require (internal/modules/cjs/helpers.js:92:18)\n    at Object.<anonymous> (/home/user/OFF PROJECT/routes/article.js:7:18)\n    at Module._compile (internal/modules/cjs/loader.js:1072:14)\n    at Object.Module._extensions..js (internal/modules/cjs/loader.js:1101:10)\n    at Module.load (internal/modules/cjs/loader.js:937:32)\n    at Function.Module._load (internal/modules/cjs/loader.js:778:12)\n    at Module.require (internal/modules/cjs/loader.js:961:19)","trace":[{"column":15,"file":"/home/user/OFF PROJECT/node_modules/express/lib/router/route.js","function":"Route.<computed> [as delete]","line":202,"method":"<computed> [as delete]","native":false},{"column":19,"file":"/home/user/OFF PROJECT/node_modules/express/lib/router/index.js","function":"Function.proto.<computed> [as delete]","line":510,"method":"<computed> [as delete]","native":false},{"column":14,"file":"/home/user/OFF PROJECT/routes/favorite.js","function":null,"line":8,"method":null,"native":false},{"column":14,"file":"internal/modules/cjs/loader.js","function":"Module._compile","line":1072,"method":"_compile","native":false},{"column":10,"file":"internal/modules/cjs/loader.js","function":"Module._extensions..js","line":1101,"method":".js","native":false},{"column":32,"file":"internal/modules/cjs/loader.js","function":"Module.load","line":937,"method":"load","native":false},{"column":12,"file":"internal/modules/cjs/loader.js","function":"Module._load","line":778,"method":"_load","native":false},{"column":19,"file":"internal/modules/cjs/loader.js","function":"Module.require","line":961,"method":"require","native":false},{"column":39,"file":"/home/user/OFF PROJECT/node_modules/require-in-the-middle/index.js","function":"Module.require","line":80,"method":"require","native":false},{"column":18,"file":"internal/modules/cjs/helpers.js","function":"require","line":92,"method":null,"native":false},{"column":18,"file":"/home/user/OFF PROJECT/routes/article.js","function":null,"line":7,"method":null,"native":false},{"column":14,"file":"internal/modules/cjs/loader.js","function":"Module._compile","line":1072,"method":"_compile","native":false},{"column":10,"file":"internal/modules/cjs/loader.js","function":"Module._extensions..js","line":1101,"method":".js","native":false},{"column":32,"file":"internal/modules/cjs/loader.js","function":"Module.load","line":937,"method":"load","native":false},{"column":12,"file":"internal/modules/cjs/loader.js","function":"Module._load","line":778,"method":"_load","native":false},{"column":19,"file":"internal/modules/cjs/loader.js","function":"Module.require","line":961,"method":"require","native":false}]}
{"level":"info","message":"MongoDB connected"}
{"date":"Fri Nov 19 2021 12:59:52 GMT+0530 (India Standard Time)","error":{},"exception":true,"level":"error","message":"uncaughtException: Route.delete() requires a callback function but got a [object Undefined]\nError: Route.delete() requires a callback function but got a [object Undefined]\n    at Route.<computed> [as delete] (/home/user/OFF PROJECT/node_modules/express/lib/router/route.js:202:15)\n    at Function.proto.<computed> [as delete] (/home/user/OFF PROJECT/node_modules/express/lib/router/index.js:510:19)\n    at Object.<anonymous> (/home/user/OFF PROJECT/routes/favorite.js:8:14)\n    at Module._compile (internal/modules/cjs/loader.js:1072:14)\n    at Object.Module._extensions..js (internal/modules/cjs/loader.js:1101:10)\n    at Module.load (internal/modules/cjs/loader.js:937:32)\n    at Function.Module._load (internal/modules/cjs/loader.js:778:12)\n    at Module.require (internal/modules/cjs/loader.js:961:19)\n    at Module.Hook._require.Module.require (/home/user/OFF PROJECT/node_modules/require-in-the-middle/index.js:80:39)\n    at require (internal/modules/cjs/helpers.js:92:18)\n    at Object.<anonymous> (/home/user/OFF PROJECT/routes/article.js:7:18)\n    at Module._compile (internal/modules/cjs/loader.js:1072:14)\n    at Object.Module._extensions..js (internal/modules/cjs/loader.js:1101:10)\n    at Module.load (internal/modules/cjs/loader.js:937:32)\n    at Function.Module._load (internal/modules/cjs/loader.js:778:12)\n    at Module.require (internal/modules/cjs/loader.js:961:19)","os":{"loadavg":[1.08,0.87,0.64],"uptime":8967.77},"process":{"argv":["/usr/local/bin/node","/home/user/OFF PROJECT/node_modules/pm2/lib/ProcessContainerFork.js"],"cwd":"/home/user/OFF PROJECT","execPath":"/usr/local/bin/node","gid":1000,"memoryUsage":{"arrayBuffers":18383805,"external":20046321,"heapTotal":72749056,"heapUsed":45576376,"rss":116535296},"pid":12564,"uid":1000,"version":"v14.17.6"},"stack":"Error: Route.delete() requires a callback function but got a [object Undefined]\n    at Route.<computed> [as delete] (/home/user/OFF PROJECT/node_modules/express/lib/router/route.js:202:15)\n    at Function.proto.<computed> [as delete] (/home/user/OFF PROJECT/node_modules/express/lib/router/index.js:510:19)\n    at Object.<anonymous> (/home/user/OFF PROJECT/routes/favorite.js:8:14)\n    at Module._compile (internal/modules/cjs/loader.js:1072:14)\n    at Object.Module._extensions..js (internal/modules/cjs/loader.js:1101:10)\n    at Module.load (internal/modules/cjs/loader.js:937:32)\n    at Function.Module._load (internal/modules/cjs/loader.js:778:12)\n    at Module.require (internal/modules/cjs/loader.js:961:19)\n    at Module.Hook._require.Module.require (/home/user/OFF PROJECT/node_modules/require-in-the-middle/index.js:80:39)\n    at require (internal/modules/cjs/helpers.js:92:18)\n    at Object.<anonymous> (/home/user/OFF PROJECT/routes/article.js:7:18)\n    at Module._compile (internal/modules/cjs/loader.js:1072:14)\n    at Object.Module._extensions..js (internal/modules/cjs/loader.js:1101:10)\n    at Module.load (internal/modules/cjs/loader.js:937:32)\n    at Function.Module._load (internal/modules/cjs/loader.js:778:12)\n    at Module.require (internal/modules/cjs/loader.js:961:19)","trace":[{"column":15,"file":"/home/user/OFF PROJECT/node_modules/express/lib/router/route.js","function":"Route.<computed> [as delete]","line":202,"method":"<computed> [as delete]","native":false},{"column":19,"file":"/home/user/OFF PROJECT/node_modules/express/lib/router/index.js","function":"Function.proto.<computed> [as delete]","line":510,"method":"<computed> [as delete]","native":false},{"column":14,"file":"/home/user/OFF PROJECT/routes/favorite.js","function":null,"line":8,"method":null,"native":false},{"column":14,"file":"internal/modules/cjs/loader.js","function":"Module._compile","line":1072,"method":"_compile","native":false},{"column":10,"file":"internal/modules/cjs/loader.js","function":"Module._extensions..js","line":1101,"method":".js","native":false},{"column":32,"file":"internal/modules/cjs/loader.js","function":"Module.load","line":937,"method":"load","native":false},{"column":12,"file":"internal/modules/cjs/loader.js","function":"Module._load","line":778,"method":"_load","native":false},{"column":19,"file":"internal/modules/cjs/loader.js","function":"Module.require","line":961,"method":"require","native":false},{"column":39,"file":"/home/user/OFF PROJECT/node_modules/require-in-the-middle/index.js","function":"Module.require","line":80,"method":"require","native":false},{"column":18,"file":"internal/modules/cjs/helpers.js","function":"require","line":92,"method":null,"native":false},{"column":18,"file":"/home/user/OFF PROJECT/routes/article.js","function":null,"line":7,"method":null,"native":false},{"column":14,"file":"internal/modules/cjs/loader.js","function":"Module._compile","line":1072,"method":"_compile","native":false},{"column":10,"file":"internal/modules/cjs/loader.js","function":"Module._extensions..js","line":1101,"method":".js","native":false},{"column":32,"file":"internal/modules/cjs/loader.js","function":"Module.load","line":937,"method":"load","native":false},{"column":12,"file":"internal/modules/cjs/loader.js","function":"Module._load","line":778,"method":"_load","native":false},{"column":19,"file":"internal/modules/cjs/loader.js","function":"Module.require","line":961,"method":"require","native":false}]}
{"level":"info","message":"MongoDB connected"}
{"level":"info","message":"Server listening at port 3000"}
{"level":"info","message":"MongoDB connected"}
{"level":"info","message":"Server listening at port 3000"}
{"level":"info","message":"MongoDB connected"}
{"level":"info","message":"Server listening at port 3000"}
{"level":"info","message":"MongoDB connected"}
{"level":"info","message":"Server listening at port 3000"}
{"level":"info","message":"MongoDB connected"}
{"level":"info","message":"Server listening at port 3000"}
{"level":"info","message":"MongoDB connected"}
{"level":"info","message":"Server listening at port 3000"}
{"level":"info","message":"MongoDB connected"}
{"level":"info","message":"Server listening at port 3000"}
{"level":"info","message":"MongoDB connected"}
{"level":"info","message":"Server listening at port 3000"}
{"level":"info","message":"MongoDB connected"}
{"level":"info","message":"Server listening at port 3000"}
{"level":"info","message":"MongoDB connected"}
{"level":"info","message":"Server listening at port 3000"}
{"level":"info","message":"MongoDB connected"}
{"level":"info","message":"::1 - - [19/Nov/2021:07:36:34 +0000] \"POST /article HTTP/1.1\" 200 44 \"-\" \"PostmanRuntime/7.28.4\"\n"}
{"level":"error","message":"MongoServerError: E11000 duplicate key error collection: official.favorites index: user_1 dup key: { : ObjectId('6193aefa307aba65146065bd') }"}
{"level":"info","message":"::1 - - [19/Nov/2021:07:36:57 +0000] \"POST /article/619754020f9f7026d76d3d91/favorite HTTP/1.1\" 500 203 \"-\" \"PostmanRuntime/7.28.4\"\n"}
{"level":"info","message":"Server listening at port 3000"}
{"level":"info","message":"MongoDB connected"}
{"level":"error","message":"MongoServerError: E11000 duplicate key error collection: official.favorites index: user_1 dup key: { : ObjectId('6193aefa307aba65146065bd') }"}
{"level":"info","message":"::1 - - [19/Nov/2021:07:38:05 +0000] \"POST /article/619754020f9f7026d76d3d91/favorite HTTP/1.1\" 500 203 \"-\" \"PostmanRuntime/7.28.4\"\n"}
{"level":"info","message":"Server listening at port 3000"}
{"level":"info","message":"MongoDB connected"}
{"level":"info","message":"::1 - - [19/Nov/2021:07:38:42 +0000] \"POST /article/619754020f9f7026d76d3d91/favorite HTTP/1.1\" 200 47 \"-\" \"PostmanRuntime/7.28.4\"\n"}
{"level":"info","message":"::1 - - [19/Nov/2021:07:39:00 +0000] \"POST /article/6196368e2f636e6ed4015c11/favorite HTTP/1.1\" 200 47 \"-\" \"PostmanRuntime/7.28.4\"\n"}
{"level":"info","message":"::1 - - [19/Nov/2021:07:39:16 +0000] \"POST /article/619635e9789c1b07814a66ba/favorite HTTP/1.1\" 200 47 \"-\" \"PostmanRuntime/7.28.4\"\n"}
{"date":"Fri Nov 19 2021 13:12:48 GMT+0530 (India Standard Time)","error":{},"exception":true,"level":"error","message":"uncaughtException: showFavorite is not defined\nReferenceError: showFavorite is not defined\n    at Object.<anonymous> (/home/user/OFF PROJECT/routes/article.js:15:25)\n    at Module._compile (internal/modules/cjs/loader.js:1072:14)\n    at Object.Module._extensions..js (internal/modules/cjs/loader.js:1101:10)\n    at Module.load (internal/modules/cjs/loader.js:937:32)\n    at Function.Module._load (internal/modules/cjs/loader.js:778:12)\n    at Module.require (internal/modules/cjs/loader.js:961:19)\n    at Module.Hook._require.Module.require (/home/user/OFF PROJECT/node_modules/require-in-the-middle/index.js:80:39)\n    at require (internal/modules/cjs/helpers.js:92:18)\n    at Object.<anonymous> (/home/user/OFF PROJECT/routes/index.js:8:17)\n    at Module._compile (internal/modules/cjs/loader.js:1072:14)\n    at Object.Module._extensions..js (internal/modules/cjs/loader.js:1101:10)\n    at Module.load (internal/modules/cjs/loader.js:937:32)\n    at Function.Module._load (internal/modules/cjs/loader.js:778:12)\n    at Module.require (internal/modules/cjs/loader.js:961:19)\n    at Module.Hook._require.Module.require (/home/user/OFF PROJECT/node_modules/require-in-the-middle/index.js:80:39)\n    at require (internal/modules/cjs/helpers.js:92:18)","os":{"loadavg":[0.68,0.6,0.63],"uptime":9744.61},"process":{"argv":["/usr/local/bin/node","/home/user/OFF PROJECT/node_modules/pm2/lib/ProcessContainerFork.js"],"cwd":"/home/user/OFF PROJECT","execPath":"/usr/local/bin/node","gid":1000,"memoryUsage":{"arrayBuffers":18380984,"external":20043500,"heapTotal":73011200,"heapUsed":45427344,"rss":115748864},"pid":13662,"uid":1000,"version":"v14.17.6"},"stack":"ReferenceError: showFavorite is not defined\n    at Object.<anonymous> (/home/user/OFF PROJECT/routes/article.js:15:25)\n    at Module._compile (internal/modules/cjs/loader.js:1072:14)\n    at Object.Module._extensions..js (internal/modules/cjs/loader.js:1101:10)\n    at Module.load (internal/modules/cjs/loader.js:937:32)\n    at Function.Module._load (internal/modules/cjs/loader.js:778:12)\n    at Module.require (internal/modules/cjs/loader.js:961:19)\n    at Module.Hook._require.Module.require (/home/user/OFF PROJECT/node_modules/require-in-the-middle/index.js:80:39)\n    at require (internal/modules/cjs/helpers.js:92:18)\n    at Object.<anonymous> (/home/user/OFF PROJECT/routes/index.js:8:17)\n    at Module._compile (internal/modules/cjs/loader.js:1072:14)\n    at Object.Module._extensions..js (internal/modules/cjs/loader.js:1101:10)\n    at Module.load (internal/modules/cjs/loader.js:937:32)\n    at Function.Module._load (internal/modules/cjs/loader.js:778:12)\n    at Module.require (internal/modules/cjs/loader.js:961:19)\n    at Module.Hook._require.Module.require (/home/user/OFF PROJECT/node_modules/require-in-the-middle/index.js:80:39)\n    at require (internal/modules/cjs/helpers.js:92:18)","trace":[{"column":25,"file":"/home/user/OFF PROJECT/routes/article.js","function":null,"line":15,"method":null,"native":false},{"column":14,"file":"internal/modules/cjs/loader.js","function":"Module._compile","line":1072,"method":"_compile","native":false},{"column":10,"file":"internal/modules/cjs/loader.js","function":"Module._extensions..js","line":1101,"method":".js","native":false},{"column":32,"file":"internal/modules/cjs/loader.js","function":"Module.load","line":937,"method":"load","native":false},{"column":12,"file":"internal/modules/cjs/loader.js","function":"Module._load","line":778,"method":"_load","native":false},{"column":19,"file":"internal/modules/cjs/loader.js","function":"Module.require","line":961,"method":"require","native":false},{"column":39,"file":"/home/user/OFF PROJECT/node_modules/require-in-the-middle/index.js","function":"Module.require","line":80,"method":"require","native":false},{"column":18,"file":"internal/modules/cjs/helpers.js","function":"require","line":92,"method":null,"native":false},{"column":17,"file":"/home/user/OFF PROJECT/routes/index.js","function":null,"line":8,"method":null,"native":false},{"column":14,"file":"internal/modules/cjs/loader.js","function":"Module._compile","line":1072,"method":"_compile","native":false},{"column":10,"file":"internal/modules/cjs/loader.js","function":"Module._extensions..js","line":1101,"method":".js","native":false},{"column":32,"file":"internal/modules/cjs/loader.js","function":"Module.load","line":937,"method":"load","native":false},{"column":12,"file":"internal/modules/cjs/loader.js","function":"Module._load","line":778,"method":"_load","native":false},{"column":19,"file":"internal/modules/cjs/loader.js","function":"Module.require","line":961,"method":"require","native":false},{"column":39,"file":"/home/user/OFF PROJECT/node_modules/require-in-the-middle/index.js","function":"Module.require","line":80,"method":"require","native":false},{"column":18,"file":"internal/modules/cjs/helpers.js","function":"require","line":92,"method":null,"native":false}]}
{"level":"info","message":"MongoDB connected"}
{"level":"info","message":"Server listening at port 3000"}
{"level":"info","message":"MongoDB connected"}
{"level":"info","message":"Server listening at port 3000"}
{"level":"info","message":"MongoDB connected"}
{"level":"info","message":"Server listening at port 3000"}
{"level":"info","message":"MongoDB connected"}
{"level":"info","message":"Server listening at port 3000"}
{"level":"info","message":"MongoDB connected"}
{"level":"info","message":"::1 - - [19/Nov/2021:07:45:15 +0000] \"GET /article/favorite HTTP/1.1\" 400 43 \"-\" \"PostmanRuntime/7.28.4\"\n"}
{"level":"info","message":"::1 - - [19/Nov/2021:07:45:30 +0000] \"GET /article/favorite HTTP/1.1\" 200 414 \"-\" \"PostmanRuntime/7.28.4\"\n"}
{"level":"info","message":"Server listening at port 3000"}
{"level":"info","message":"MongoDB connected"}
{"level":"info","message":"::1 - - [19/Nov/2021:07:49:17 +0000] \"DELETE /article/6196368e2f636e6ed4015c11/favorite HTTP/1.1\" 200 51 \"-\" \"PostmanRuntime/7.28.4\"\n"}
{"level":"info","message":"Server listening at port 3000"}
{"level":"info","message":"MongoDB connected"}
{"level":"info","message":"::1 - - [19/Nov/2021:07:53:39 +0000] \"DELETE /article/6196368e2f636e6ed4015c11/favorite HTTP/1.1\" 200 51 \"-\" \"PostmanRuntime/7.28.4\"\n"}
{"level":"info","message":"Server listening at port 3000"}
{"level":"info","message":"MongoDB connected"}
{"level":"info","message":"::1 - - [19/Nov/2021:07:54:43 +0000] \"DELETE /article/6196368e2f636e6ed4015c11/favorite HTTP/1.1\" 200 51 \"-\" \"PostmanRuntime/7.28.4\"\n"}
{"level":"info","message":"::1 - - [19/Nov/2021:09:56:01 +0000] \"DELETE /article/6196368e2f636e6ed4015c11/favorite HTTP/1.1\" 200 51 \"-\" \"PostmanRuntime/7.28.4\"\n"}
{"level":"info","message":"Server listening at port 3000"}
{"level":"info","message":"MongoDB connected"}
{"level":"info","message":"Server listening at port 3000"}
{"level":"info","message":"MongoDB connected"}
{"level":"info","message":"Server listening at port 3000"}
{"level":"info","message":"MongoDB connected"}
{"level":"info","message":"Server listening at port 3000"}
{"level":"info","message":"MongoDB connected"}
{"level":"info","message":"Server listening at port 3000"}
{"level":"info","message":"MongoDB connected"}
{"level":"info","message":"::1 - - [19/Nov/2021:10:46:51 +0000] \"POST /favorite HTTP/1.1\" 200 47 \"-\" \"PostmanRuntime/7.28.4\"\n"}
{"level":"info","message":"::1 - - [19/Nov/2021:10:47:09 +0000] \"GET /favorite HTTP/1.1\" 200 186 \"-\" \"PostmanRuntime/7.28.4\"\n"}
{"level":"error","message":"CastError: Cast to ObjectId failed for value \"{ _id: undefined }\" (type Object) at path \"_id\" for model \"favorite\""}
{"level":"info","message":"::1 - - [19/Nov/2021:10:47:35 +0000] \"DELETE /favorite/6196368e2f636e6ed4015c11 HTTP/1.1\" 500 182 \"-\" \"PostmanRuntime/7.28.4\"\n"}
{"level":"info","message":"Server listening at port 3000"}
{"level":"info","message":"MongoDB connected"}
{"level":"info","message":"::1 - - [19/Nov/2021:10:48:22 +0000] \"DELETE /favorite/6196368e2f636e6ed4015c11 HTTP/1.1\" 200 51 \"-\" \"PostmanRuntime/7.28.4\"\n"}
{"level":"info","message":"::1 - - [19/Nov/2021:10:48:39 +0000] \"DELETE /favorite/6197809b76633bc244f4b2a2 HTTP/1.1\" 200 51 \"-\" \"PostmanRuntime/7.28.4\"\n"}
{"level":"info","message":"::1 - - [19/Nov/2021:10:49:04 +0000] \"DELETE /favorite/6197809b76633bc244f4b2a2 HTTP/1.1\" 200 51 \"-\" \"PostmanRuntime/7.28.4\"\n"}
{"level":"info","message":"::1 - - [19/Nov/2021:10:49:05 +0000] \"DELETE /favorite/6197809b76633bc244f4b2a2 HTTP/1.1\" 200 51 \"-\" \"PostmanRuntime/7.28.4\"\n"}
{"level":"info","message":"::1 - - [19/Nov/2021:10:53:33 +0000] \"DELETE /article/6196364f2f636e6ed4015c0c HTTP/1.1\" 200 44 \"-\" \"PostmanRuntime/7.28.4\"\n"}
{"level":"info","message":"::1 - - [19/Nov/2021:10:53:33 +0000] \"DELETE /article/6196364f2f636e6ed4015c0c HTTP/1.1\" 200 44 \"-\" \"PostmanRuntime/7.28.4\"\n"}
{"level":"info","message":"::1 - - [19/Nov/2021:10:53:34 +0000] \"DELETE /article/6196364f2f636e6ed4015c0c HTTP/1.1\" 200 44 \"-\" \"PostmanRuntime/7.28.4\"\n"}
{"level":"info","message":"Server listening at port 3000"}
{"level":"info","message":"MongoDB connected"}
{"level":"info","message":"Server listening at port 3000"}
{"level":"info","message":"MongoDB connected"}
{"level":"info","message":"Server listening at port 3000"}
{"level":"info","message":"MongoDB connected"}
{"level":"info","message":"Server listening at port 3000"}
{"level":"info","message":"MongoDB connected"}
{"level":"info","message":"Server listening at port 3000"}
{"level":"info","message":"MongoDB connected"}
{"date":"Fri Nov 19 2021 18:59:52 GMT+0530 (India Standard Time)","error":{"address":"127.0.0.1","code":"ECONNREFUSED","errno":-111,"port":6379,"syscall":"connect"},"exception":true,"level":"error","message":"uncaughtException: Redis connection to localhost:6379 failed - connect ECONNREFUSED 127.0.0.1:6379\nError: connect ECONNREFUSED 127.0.0.1:6379\n    at TCPConnectWrap.afterConnect [as oncomplete] (net.js:1148:16)","os":{"loadavg":[2.44,3.16,1.92],"uptime":30568.57},"process":{"argv":["/usr/local/bin/node","/home/user/OFF PROJECT/node_modules/pm2/lib/ProcessContainerFork.js"],"cwd":"/home/user/OFF PROJECT","execPath":"/usr/local/bin/node","gid":1000,"memoryUsage":{"arrayBuffers":18761211,"external":20423095,"heapTotal":32116736,"heapUsed":30159480,"rss":74502144},"pid":19337,"uid":1000,"version":"v14.17.6"},"stack":"Error: connect ECONNREFUSED 127.0.0.1:6379\n    at TCPConnectWrap.afterConnect [as oncomplete] (net.js:1148:16)","trace":[{"column":16,"file":"net.js","function":"TCPConnectWrap.afterConnect [as oncomplete]","line":1148,"method":"afterConnect [as oncomplete]","native":false}]}
{"date":"Fri Nov 19 2021 18:59:53 GMT+0530 (India Standard Time)","error":{"address":"127.0.0.1","code":"ECONNREFUSED","errno":-111,"port":6379,"syscall":"connect"},"exception":true,"level":"error","message":"uncaughtException: Redis connection to localhost:6379 failed - connect ECONNREFUSED 127.0.0.1:6379\nError: connect ECONNREFUSED 127.0.0.1:6379\n    at TCPConnectWrap.afterConnect [as oncomplete] (net.js:1148:16)","os":{"loadavg":[2.44,3.16,1.92],"uptime":30568.91},"process":{"argv":["/usr/local/bin/node","/home/user/OFF PROJECT/node_modules/pm2/lib/ProcessContainerFork.js"],"cwd":"/home/user/OFF PROJECT","execPath":"/usr/local/bin/node","gid":1000,"memoryUsage":{"arrayBuffers":18761235,"external":20423159,"heapTotal":32116736,"heapUsed":29741424,"rss":74452992},"pid":19337,"uid":1000,"version":"v14.17.6"},"stack":"Error: connect ECONNREFUSED 127.0.0.1:6379\n    at TCPConnectWrap.afterConnect [as oncomplete] (net.js:1148:16)","trace":[{"column":16,"file":"net.js","function":"TCPConnectWrap.afterConnect [as oncomplete]","line":1148,"method":"afterConnect [as oncomplete]","native":false}]}
