{"date":"Fri Dec 03 2021 03:11:47 GMT+0530 (India Standard Time)","error":{"address":"127.0.0.1","code":"ECONNREFUSED","errno":-111,"port":6379,"syscall":"connect"},"exception":true,"level":"error","message":"uncaughtException: Redis connection to localhost:6379 failed - connect ECONNREFUSED 127.0.0.1:6379\nError: connect ECONNREFUSED 127.0.0.1:6379\n    at TCPConnectWrap.afterConnect [as oncomplete] (net.js:1148:16)","os":{"loadavg":[0.43,0.22,0.18],"uptime":62196.9},"process":{"argv":["/usr/local/bin/node","/home/user/OFF PROJECT/node_modules/pm2/lib/ProcessContainerFork.js"],"cwd":"/home/user/OFF PROJECT","execPath":"/usr/local/bin/node","gid":1000,"memoryUsage":{"arrayBuffers":92622,"external":1754506,"heapTotal":27111424,"heapUsed":24704080,"rss":74780672},"pid":42157,"uid":1000,"version":"v14.17.6"},"stack":"Error: connect ECONNREFUSED 127.0.0.1:6379\n    at TCPConnectWrap.afterConnect [as oncomplete] (net.js:1148:16)","trace":[{"column":16,"file":"net.js","function":"TCPConnectWrap.afterConnect [as oncomplete]","line":1148,"method":"afterConnect [as oncomplete]","native":false}]}
{"level":"info","message":"Mysql DB connected"}
{"level":"info","message":"Server listening at port 3000"}
{"level":"info","message":"Mysql DB connected"}
{"level":"info","message":"Server listening at port 3000"}
{"level":"info","message":"::1 - - [03/Dec/2021:04:49:14 +0000] \"GET /article?search=title&page=1&size=12 HTTP/1.1\" 200 - \"-\" \"PostmanRuntime/7.28.4\"\n"}
{"level":"info","message":"::1 - - [03/Dec/2021:04:49:27 +0000] \"GET /article?search=9&page=1&size=12 HTTP/1.1\" 200 242 \"-\" \"PostmanRuntime/7.28.4\"\n"}
{"level":"info","message":"::1 - - [03/Dec/2021:04:49:37 +0000] \"GET /article?search=9&page=nandu&size=12 HTTP/1.1\" 200 242 \"-\" \"PostmanRuntime/7.28.4\"\n"}
{"level":"info","message":"::1 - - [03/Dec/2021:04:49:51 +0000] \"GET /article?search=nandu&page=1&size=12 HTTP/1.1\" 200 85 \"-\" \"PostmanRuntime/7.28.4\"\n"}
{"level":"info","message":"::1 - - [03/Dec/2021:04:50:18 +0000] \"GET /article?search=nandu&page=1&size=12 HTTP/1.1\" 200 85 \"-\" \"PostmanRuntime/7.28.4\"\n"}
{"level":"info","message":"::1 - - [03/Dec/2021:04:50:20 +0000] \"GET /article?search=nandu&page=1&size=12 HTTP/1.1\" 200 85 \"-\" \"PostmanRuntime/7.28.4\"\n"}
{"level":"info","message":"Mysql DB connected"}
{"level":"info","message":"Server listening at port 3000"}
{"level":"info","message":"::1 - - [03/Dec/2021:04:51:25 +0000] \"GET /article?search=nandu&page=1&size=12 HTTP/1.1\" 200 85 \"-\" \"PostmanRuntime/7.28.4\"\n"}
{"level":"info","message":"::1 - - [03/Dec/2021:04:51:26 +0000] \"GET /article?search=nandu&page=1&size=12 HTTP/1.1\" 200 85 \"-\" \"PostmanRuntime/7.28.4\"\n"}
{"date":"Fri Dec 03 2021 10:24:55 GMT+0530 (India Standard Time)","error":{},"exception":true,"level":"error","message":"uncaughtException: Unexpected token ':'\n/home/user/OFF PROJECT/modules/article/articleService.js:29\n        title: { [models.Sequelize.Op.like]: '%' + searchField + '%' },\n             ^\n\nSyntaxError: Unexpected token ':'\n    at wrapSafe (internal/modules/cjs/loader.js:988:16)\n    at Module._compile (internal/modules/cjs/loader.js:1036:27)\n    at Object.Module._extensions..js (internal/modules/cjs/loader.js:1101:10)\n    at Module.load (internal/modules/cjs/loader.js:937:32)\n    at Function.Module._load (internal/modules/cjs/loader.js:778:12)\n    at Module.require (internal/modules/cjs/loader.js:961:19)\n    at Module.Hook._require.Module.require (/home/user/OFF PROJECT/node_modules/require-in-the-middle/index.js:80:39)\n    at require (internal/modules/cjs/helpers.js:92:18)\n    at Object.<anonymous> (/home/user/OFF PROJECT/modules/article/articleController.js:6:24)\n    at Module._compile (internal/modules/cjs/loader.js:1072:14)\n    at Object.Module._extensions..js (internal/modules/cjs/loader.js:1101:10)\n    at Module.load (internal/modules/cjs/loader.js:937:32)\n    at Function.Module._load (internal/modules/cjs/loader.js:778:12)\n    at Module.require (internal/modules/cjs/loader.js:961:19)\n    at Module.Hook._require.Module.require (/home/user/OFF PROJECT/node_modules/require-in-the-middle/index.js:80:39)\n    at require (internal/modules/cjs/helpers.js:92:18)","os":{"loadavg":[0.49,0.63,0.65],"uptime":1012.43},"process":{"argv":["/usr/local/bin/node","/home/user/OFF PROJECT/node_modules/pm2/lib/ProcessContainerFork.js"],"cwd":"/home/user/OFF PROJECT","execPath":"/usr/local/bin/node","gid":1000,"memoryUsage":{"arrayBuffers":546649,"external":2209246,"heapTotal":65908736,"heapUsed":42243944,"rss":107417600},"pid":7386,"uid":1000,"version":"v14.17.6"},"stack":"/home/user/OFF PROJECT/modules/article/articleService.js:29\n        title: { [models.Sequelize.Op.like]: '%' + searchField + '%' },\n             ^\n\nSyntaxError: Unexpected token ':'\n    at wrapSafe (internal/modules/cjs/loader.js:988:16)\n    at Module._compile (internal/modules/cjs/loader.js:1036:27)\n    at Object.Module._extensions..js (internal/modules/cjs/loader.js:1101:10)\n    at Module.load (internal/modules/cjs/loader.js:937:32)\n    at Function.Module._load (internal/modules/cjs/loader.js:778:12)\n    at Module.require (internal/modules/cjs/loader.js:961:19)\n    at Module.Hook._require.Module.require (/home/user/OFF PROJECT/node_modules/require-in-the-middle/index.js:80:39)\n    at require (internal/modules/cjs/helpers.js:92:18)\n    at Object.<anonymous> (/home/user/OFF PROJECT/modules/article/articleController.js:6:24)\n    at Module._compile (internal/modules/cjs/loader.js:1072:14)\n    at Object.Module._extensions..js (internal/modules/cjs/loader.js:1101:10)\n    at Module.load (internal/modules/cjs/loader.js:937:32)\n    at Function.Module._load (internal/modules/cjs/loader.js:778:12)\n    at Module.require (internal/modules/cjs/loader.js:961:19)\n    at Module.Hook._require.Module.require (/home/user/OFF PROJECT/node_modules/require-in-the-middle/index.js:80:39)\n    at require (internal/modules/cjs/helpers.js:92:18)","trace":[{"column":16,"file":"internal/modules/cjs/loader.js","function":"wrapSafe","line":988,"method":null,"native":false},{"column":27,"file":"internal/modules/cjs/loader.js","function":"Module._compile","line":1036,"method":"_compile","native":false},{"column":10,"file":"internal/modules/cjs/loader.js","function":"Module._extensions..js","line":1101,"method":".js","native":false},{"column":32,"file":"internal/modules/cjs/loader.js","function":"Module.load","line":937,"method":"load","native":false},{"column":12,"file":"internal/modules/cjs/loader.js","function":"Module._load","line":778,"method":"_load","native":false},{"column":19,"file":"internal/modules/cjs/loader.js","function":"Module.require","line":961,"method":"require","native":false},{"column":39,"file":"/home/user/OFF PROJECT/node_modules/require-in-the-middle/index.js","function":"Module.require","line":80,"method":"require","native":false},{"column":18,"file":"internal/modules/cjs/helpers.js","function":"require","line":92,"method":null,"native":false},{"column":24,"file":"/home/user/OFF PROJECT/modules/article/articleController.js","function":null,"line":6,"method":null,"native":false},{"column":14,"file":"internal/modules/cjs/loader.js","function":"Module._compile","line":1072,"method":"_compile","native":false},{"column":10,"file":"internal/modules/cjs/loader.js","function":"Module._extensions..js","line":1101,"method":".js","native":false},{"column":32,"file":"internal/modules/cjs/loader.js","function":"Module.load","line":937,"method":"load","native":false},{"column":12,"file":"internal/modules/cjs/loader.js","function":"Module._load","line":778,"method":"_load","native":false},{"column":19,"file":"internal/modules/cjs/loader.js","function":"Module.require","line":961,"method":"require","native":false},{"column":39,"file":"/home/user/OFF PROJECT/node_modules/require-in-the-middle/index.js","function":"Module.require","line":80,"method":"require","native":false},{"column":18,"file":"internal/modules/cjs/helpers.js","function":"require","line":92,"method":null,"native":false}]}
{"date":"Fri Dec 03 2021 10:28:31 GMT+0530 (India Standard Time)","error":{},"exception":true,"level":"error","message":"uncaughtException: Unexpected token ':'\n/home/user/OFF PROJECT/modules/article/articleService.js:29\n      title: { [models.Sequelize.Op.substring]: '%' + searchField + '%' },\n           ^\n\nSyntaxError: Unexpected token ':'\n    at wrapSafe (internal/modules/cjs/loader.js:988:16)\n    at Module._compile (internal/modules/cjs/loader.js:1036:27)\n    at Object.Module._extensions..js (internal/modules/cjs/loader.js:1101:10)\n    at Module.load (internal/modules/cjs/loader.js:937:32)\n    at Function.Module._load (internal/modules/cjs/loader.js:778:12)\n    at Module.require (internal/modules/cjs/loader.js:961:19)\n    at Module.Hook._require.Module.require (/home/user/OFF PROJECT/node_modules/require-in-the-middle/index.js:80:39)\n    at require (internal/modules/cjs/helpers.js:92:18)\n    at Object.<anonymous> (/home/user/OFF PROJECT/modules/article/articleController.js:6:24)\n    at Module._compile (internal/modules/cjs/loader.js:1072:14)\n    at Object.Module._extensions..js (internal/modules/cjs/loader.js:1101:10)\n    at Module.load (internal/modules/cjs/loader.js:937:32)\n    at Function.Module._load (internal/modules/cjs/loader.js:778:12)\n    at Module.require (internal/modules/cjs/loader.js:961:19)\n    at Module.Hook._require.Module.require (/home/user/OFF PROJECT/node_modules/require-in-the-middle/index.js:80:39)\n    at require (internal/modules/cjs/helpers.js:92:18)","os":{"loadavg":[0.82,0.75,0.7],"uptime":1228.73},"process":{"argv":["/usr/local/bin/node","/home/user/OFF PROJECT/node_modules/pm2/lib/ProcessContainerFork.js"],"cwd":"/home/user/OFF PROJECT","execPath":"/usr/local/bin/node","gid":1000,"memoryUsage":{"arrayBuffers":560317,"external":2222914,"heapTotal":66433024,"heapUsed":42059928,"rss":106123264},"pid":7567,"uid":1000,"version":"v14.17.6"},"stack":"/home/user/OFF PROJECT/modules/article/articleService.js:29\n      title: { [models.Sequelize.Op.substring]: '%' + searchField + '%' },\n           ^\n\nSyntaxError: Unexpected token ':'\n    at wrapSafe (internal/modules/cjs/loader.js:988:16)\n    at Module._compile (internal/modules/cjs/loader.js:1036:27)\n    at Object.Module._extensions..js (internal/modules/cjs/loader.js:1101:10)\n    at Module.load (internal/modules/cjs/loader.js:937:32)\n    at Function.Module._load (internal/modules/cjs/loader.js:778:12)\n    at Module.require (internal/modules/cjs/loader.js:961:19)\n    at Module.Hook._require.Module.require (/home/user/OFF PROJECT/node_modules/require-in-the-middle/index.js:80:39)\n    at require (internal/modules/cjs/helpers.js:92:18)\n    at Object.<anonymous> (/home/user/OFF PROJECT/modules/article/articleController.js:6:24)\n    at Module._compile (internal/modules/cjs/loader.js:1072:14)\n    at Object.Module._extensions..js (internal/modules/cjs/loader.js:1101:10)\n    at Module.load (internal/modules/cjs/loader.js:937:32)\n    at Function.Module._load (internal/modules/cjs/loader.js:778:12)\n    at Module.require (internal/modules/cjs/loader.js:961:19)\n    at Module.Hook._require.Module.require (/home/user/OFF PROJECT/node_modules/require-in-the-middle/index.js:80:39)\n    at require (internal/modules/cjs/helpers.js:92:18)","trace":[{"column":16,"file":"internal/modules/cjs/loader.js","function":"wrapSafe","line":988,"method":null,"native":false},{"column":27,"file":"internal/modules/cjs/loader.js","function":"Module._compile","line":1036,"method":"_compile","native":false},{"column":10,"file":"internal/modules/cjs/loader.js","function":"Module._extensions..js","line":1101,"method":".js","native":false},{"column":32,"file":"internal/modules/cjs/loader.js","function":"Module.load","line":937,"method":"load","native":false},{"column":12,"file":"internal/modules/cjs/loader.js","function":"Module._load","line":778,"method":"_load","native":false},{"column":19,"file":"internal/modules/cjs/loader.js","function":"Module.require","line":961,"method":"require","native":false},{"column":39,"file":"/home/user/OFF PROJECT/node_modules/require-in-the-middle/index.js","function":"Module.require","line":80,"method":"require","native":false},{"column":18,"file":"internal/modules/cjs/helpers.js","function":"require","line":92,"method":null,"native":false},{"column":24,"file":"/home/user/OFF PROJECT/modules/article/articleController.js","function":null,"line":6,"method":null,"native":false},{"column":14,"file":"internal/modules/cjs/loader.js","function":"Module._compile","line":1072,"method":"_compile","native":false},{"column":10,"file":"internal/modules/cjs/loader.js","function":"Module._extensions..js","line":1101,"method":".js","native":false},{"column":32,"file":"internal/modules/cjs/loader.js","function":"Module.load","line":937,"method":"load","native":false},{"column":12,"file":"internal/modules/cjs/loader.js","function":"Module._load","line":778,"method":"_load","native":false},{"column":19,"file":"internal/modules/cjs/loader.js","function":"Module.require","line":961,"method":"require","native":false},{"column":39,"file":"/home/user/OFF PROJECT/node_modules/require-in-the-middle/index.js","function":"Module.require","line":80,"method":"require","native":false},{"column":18,"file":"internal/modules/cjs/helpers.js","function":"require","line":92,"method":null,"native":false}]}
{"level":"info","message":"Mysql DB connected"}
{"level":"info","message":"Server listening at port 3000"}
{"level":"info","message":"Mysql DB connected"}
{"level":"info","message":"Server listening at port 3000"}
{"level":"info","message":"Mysql DB connected"}
{"level":"info","message":"Server listening at port 3000"}
{"level":"info","message":"Mysql DB connected"}
{"level":"info","message":"Server listening at port 3000"}
{"level":"info","message":"::1 - - [03/Dec/2021:05:00:02 +0000] \"GET /article?search=nandu&page=1&size=12 HTTP/1.1\" 200 240 \"-\" \"PostmanRuntime/7.28.4\"\n"}
{"level":"info","message":"::1 - - [03/Dec/2021:05:00:15 +0000] \"GET /article?search=9&page=1&size=12 HTTP/1.1\" 200 - \"-\" \"PostmanRuntime/7.28.4\"\n"}
{"level":"info","message":"Mysql DB connected"}
{"level":"info","message":"Server listening at port 3000"}
{"level":"error","message":"SequelizeUniqueConstraintError: Validation error"}
{"level":"info","message":"::1 - - [03/Dec/2021:05:01:59 +0000] \"POST /article HTTP/1.1\" 500 110 \"-\" \"PostmanRuntime/7.28.4\"\n"}
{"level":"info","message":"Mysql DB connected"}
{"level":"info","message":"Server listening at port 3000"}
{"level":"error","message":"SequelizeUniqueConstraintError: Validation error"}
{"level":"info","message":"::1 - - [03/Dec/2021:05:02:05 +0000] \"POST /article HTTP/1.1\" 500 110 \"-\" \"PostmanRuntime/7.28.4\"\n"}
{"level":"error","message":"SequelizeUniqueConstraintError: Validation error"}
{"level":"info","message":"::1 - - [03/Dec/2021:05:02:11 +0000] \"POST /article HTTP/1.1\" 500 110 \"-\" \"PostmanRuntime/7.28.4\"\n"}
{"level":"info","message":"Mysql DB connected"}
{"level":"info","message":"Server listening at port 3000"}
{"level":"info","message":"::1 - - [03/Dec/2021:05:03:32 +0000] \"POST /article HTTP/1.1\" 200 44 \"-\" \"PostmanRuntime/7.28.4\"\n"}
{"level":"info","message":"Mysql DB connected"}
{"level":"info","message":"Server listening at port 3000"}
{"level":"info","message":"::1 - - [03/Dec/2021:05:03:40 +0000] \"GET /article?search=9&page=1&size=12 HTTP/1.1\" 200 - \"-\" \"PostmanRuntime/7.28.4\"\n"}
{"level":"info","message":"::1 - - [03/Dec/2021:05:03:46 +0000] \"GET /article?search=sage&page=1&size=12 HTTP/1.1\" 200 241 \"-\" \"PostmanRuntime/7.28.4\"\n"}
{"level":"info","message":"Mysql DB connected"}
{"level":"info","message":"Server listening at port 3000"}
{"level":"info","message":"Mysql DB connected"}
{"level":"info","message":"Server listening at port 3000"}
{"level":"info","message":"Mysql DB connected"}
{"level":"info","message":"Server listening at port 3000"}
{"level":"info","message":"Mysql DB connected"}
{"level":"info","message":"Server listening at port 3000"}
{"level":"info","message":"::1 - - [03/Dec/2021:05:26:31 +0000] \"PUT /profile/follow/6 HTTP/1.1\" 200 37 \"-\" \"PostmanRuntime/7.28.4\"\n"}
{"level":"info","message":"::1 - - [03/Dec/2021:05:27:20 +0000] \"PUT /profile/follow/6 HTTP/1.1\" 400 40 \"-\" \"PostmanRuntime/7.28.4\"\n"}
{"level":"info","message":"Mysql DB connected"}
{"level":"info","message":"Server listening at port 3000"}
{"level":"info","message":"::1 - - [03/Dec/2021:05:34:43 +0000] \"PUT /profile/follow/6 HTTP/1.1\" 200 37 \"-\" \"PostmanRuntime/7.28.4\"\n"}
{"level":"info","message":"Mysql DB connected"}
{"level":"info","message":"Server listening at port 3000"}
{"level":"info","message":"Mysql DB connected"}
{"level":"info","message":"Server listening at port 3000"}
{"level":"info","message":"::1 - - [03/Dec/2021:05:35:40 +0000] \"PUT /profile/follow/6 HTTP/1.1\" 400 40 \"-\" \"PostmanRuntime/7.28.4\"\n"}
{"level":"info","message":"Mysql DB connected"}
{"level":"info","message":"Server listening at port 3000"}
{"level":"info","message":"::1 - - [03/Dec/2021:05:36:43 +0000] \"PUT /profile/follow/6 HTTP/1.1\" 400 40 \"-\" \"PostmanRuntime/7.28.4\"\n"}
{"level":"info","message":"Mysql DB connected"}
{"level":"info","message":"Server listening at port 3000"}
{"level":"info","message":"::1 - - [03/Dec/2021:05:37:05 +0000] \"PUT /profile/follow/6 HTTP/1.1\" 400 52 \"-\" \"PostmanRuntime/7.28.4\"\n"}
{"level":"info","message":"Mysql DB connected"}
{"level":"info","message":"Server listening at port 3000"}
{"level":"info","message":"::1 - - [03/Dec/2021:05:37:36 +0000] \"PUT /profile/follow/6 HTTP/1.1\" 200 37 \"-\" \"PostmanRuntime/7.28.4\"\n"}
{"level":"info","message":"Mysql DB connected"}
{"level":"info","message":"Server listening at port 3000"}
{"level":"info","message":"Mysql DB connected"}
{"level":"info","message":"Server listening at port 3000"}
{"level":"info","message":"Mysql DB connected"}
{"level":"info","message":"Server listening at port 3000"}
{"level":"error","message":"TypeError: authenticationService.ifEmailExist is not a function"}
{"level":"info","message":"::1 - - [03/Dec/2021:05:49:29 +0000] \"POST /auth/signup HTTP/1.1\" 500 125 \"-\" \"PostmanRuntime/7.28.4\"\n"}
{"level":"info","message":"Mysql DB connected"}
{"level":"info","message":"Server listening at port 3000"}
{"level":"error","message":"TypeError: authenticationService.ifEmailExist is not a function"}
{"level":"info","message":"::1 - - [03/Dec/2021:05:50:02 +0000] \"POST /auth/signup HTTP/1.1\" 500 125 \"-\" \"PostmanRuntime/7.28.4\"\n"}
{"level":"error","message":"TypeError: authenticationService.ifEmailExist is not a function"}
{"level":"info","message":"::1 - - [03/Dec/2021:05:50:27 +0000] \"POST /auth/signup HTTP/1.1\" 500 125 \"-\" \"PostmanRuntime/7.28.4\"\n"}
{"level":"info","message":"Mysql DB connected"}
{"level":"info","message":"Server listening at port 3000"}
{"level":"info","message":"Mysql DB connected"}
{"level":"info","message":"Server listening at port 3000"}
{"level":"info","message":"Mysql DB connected"}
{"level":"info","message":"Server listening at port 3000"}
{"level":"info","message":"Mysql DB connected"}
{"level":"info","message":"Server listening at port 3000"}
{"level":"error","message":"TypeError: articleService.ifArticleExist is not a function"}
{"level":"info","message":"::1 - - [03/Dec/2021:05:55:46 +0000] \"POST /article HTTP/1.1\" 500 120 \"-\" \"PostmanRuntime/7.28.4\"\n"}
{"level":"error","message":"TypeError: authenticationService.ifEmailExist is not a function"}
{"level":"info","message":"::1 - - [03/Dec/2021:05:56:46 +0000] \"POST /auth/signup HTTP/1.1\" 500 125 \"-\" \"PostmanRuntime/7.28.4\"\n"}
{"level":"info","message":"Mysql DB connected"}
{"level":"info","message":"Server listening at port 3000"}
{"level":"info","message":"Mysql DB connected"}
{"level":"info","message":"Server listening at port 3000"}
{"level":"error","message":"SequelizeDatabaseError: Unknown column 'follow.title' in 'where clause'"}
{"level":"info","message":"::1 - - [03/Dec/2021:05:59:21 +0000] \"POST /article HTTP/1.1\" 500 133 \"-\" \"PostmanRuntime/7.28.4\"\n"}
{"level":"info","message":"Mysql DB connected"}
{"level":"info","message":"Server listening at port 3000"}
{"level":"info","message":"::1 - - [03/Dec/2021:06:00:08 +0000] \"POST /article HTTP/1.1\" 200 67 \"-\" \"PostmanRuntime/7.28.4\"\n"}
{"level":"info","message":"::1 - - [03/Dec/2021:06:00:44 +0000] \"POST /article HTTP/1.1\" 200 67 \"-\" \"PostmanRuntime/7.28.4\"\n"}
{"level":"info","message":"Mysql DB connected"}
{"level":"info","message":"Server listening at port 3000"}
{"level":"info","message":"::1 - - [03/Dec/2021:06:01:38 +0000] \"POST /article HTTP/1.1\" 400 68 \"-\" \"PostmanRuntime/7.28.4\"\n"}
{"level":"info","message":"Mysql DB connected"}
{"level":"info","message":"Server listening at port 3000"}
{"level":"info","message":"Mysql DB connected"}
{"level":"info","message":"Server listening at port 3000"}
{"level":"info","message":"Mysql DB connected"}
{"level":"info","message":"Server listening at port 3000"}
{"level":"info","message":"::1 - - [03/Dec/2021:06:03:58 +0000] \"POST /auth/signup HTTP/1.1\" 200 43 \"-\" \"PostmanRuntime/7.28.4\"\n"}
{"level":"info","message":"::1 - - [03/Dec/2021:06:04:00 +0000] \"POST /auth/signup HTTP/1.1\" 400 48 \"-\" \"PostmanRuntime/7.28.4\"\n"}
{"level":"info","message":"Mysql DB connected"}
{"level":"info","message":"Server listening at port 3000"}
{"level":"info","message":"Mysql DB connected"}
{"level":"info","message":"Server listening at port 3000"}
{"level":"info","message":"Mysql DB connected"}
{"level":"info","message":"Server listening at port 3000"}
{"level":"info","message":"Mysql DB connected"}
{"level":"info","message":"Server listening at port 3000"}
{"level":"info","message":"Mysql DB connected"}
{"level":"info","message":"Server listening at port 3000"}
{"level":"info","message":"Mysql DB connected"}
{"level":"info","message":"Server listening at port 3000"}
{"level":"info","message":"Mysql DB connected"}
{"level":"info","message":"Server listening at port 3000"}
{"level":"info","message":"Mysql DB connected"}
{"level":"info","message":"Server listening at port 3000"}
{"level":"info","message":"Mysql DB connected"}
{"level":"info","message":"Server listening at port 3000"}
{"level":"info","message":"Mysql DB connected"}
{"level":"info","message":"Server listening at port 3000"}
{"level":"info","message":"Mysql DB connected"}
{"level":"info","message":"Server listening at port 3000"}
{"level":"info","message":"Mysql DB connected"}
{"level":"info","message":"Server listening at port 3000"}
{"level":"info","message":"Mysql DB connected"}
{"level":"info","message":"Server listening at port 3000"}
{"level":"info","message":"Mysql DB connected"}
{"level":"info","message":"Server listening at port 3000"}
{"level":"info","message":"Mysql DB connected"}
{"level":"info","message":"Server listening at port 3000"}
{"level":"info","message":"Mysql DB connected"}
{"level":"info","message":"Server listening at port 3000"}
{"level":"info","message":"Mysql DB connected"}
{"level":"info","message":"Server listening at port 3000"}
{"level":"info","message":"Mysql DB connected"}
{"level":"info","message":"Server listening at port 3000"}
{"level":"info","message":"Mysql DB connected"}
{"level":"info","message":"Server listening at port 3000"}
{"level":"info","message":"Mysql DB connected"}
{"level":"info","message":"Server listening at port 3000"}
{"level":"info","message":"Mysql DB connected"}
{"level":"info","message":"Server listening at port 3000"}
{"level":"info","message":"Mysql DB connected"}
{"level":"info","message":"Server listening at port 3000"}
{"level":"info","message":"Mysql DB connected"}
{"level":"info","message":"Server listening at port 3000"}
{"level":"info","message":"Mysql DB connected"}
{"level":"info","message":"Server listening at port 3000"}
{"level":"info","message":"Mysql DB connected"}
{"level":"info","message":"Server listening at port 3000"}
{"level":"info","message":"::1 - - [03/Dec/2021:07:11:13 +0000] \"PUT /profile/follow/6 HTTP/1.1\" 400 52 \"-\" \"PostmanRuntime/7.28.4\"\n"}
{"level":"info","message":"::1 - - [03/Dec/2021:07:11:17 +0000] \"PUT /profile/follow/6 HTTP/1.1\" 400 52 \"-\" \"PostmanRuntime/7.28.4\"\n"}
{"level":"info","message":"Mysql DB connected"}
{"level":"info","message":"Server listening at port 3000"}
{"level":"info","message":"::1 - - [03/Dec/2021:07:12:16 +0000] \"PUT /profile/follow/6 HTTP/1.1\" 200 37 \"-\" \"PostmanRuntime/7.28.4\"\n"}
{"level":"info","message":"::1 - - [03/Dec/2021:07:12:18 +0000] \"PUT /profile/follow/6 HTTP/1.1\" 400 40 \"-\" \"PostmanRuntime/7.28.4\"\n"}
{"level":"info","message":"Mysql DB connected"}
{"level":"info","message":"Server listening at port 3000"}
{"level":"info","message":"::1 - - [03/Dec/2021:07:12:58 +0000] \"PUT /profile/follow/6 HTTP/1.1\" 400 52 \"-\" \"PostmanRuntime/7.28.4\"\n"}
{"level":"info","message":"Mysql DB connected"}
{"level":"info","message":"Server listening at port 3000"}
{"date":"Fri Dec 03 2021 13:05:56 GMT+0530 (India Standard Time)","error":{"address":"127.0.0.1","code":"ECONNREFUSED","errno":-111,"port":6379,"syscall":"connect"},"exception":true,"level":"error","message":"uncaughtException: Redis connection to localhost:6379 failed - connect ECONNREFUSED 127.0.0.1:6379\nError: connect ECONNREFUSED 127.0.0.1:6379\n    at TCPConnectWrap.afterConnect [as oncomplete] (net.js:1148:16)","os":{"loadavg":[1.93,1.79,1.09],"uptime":10673.45},"process":{"argv":["/usr/local/bin/node","/home/user/OFF PROJECT/node_modules/pm2/lib/ProcessContainerFork.js"],"cwd":"/home/user/OFF PROJECT","execPath":"/usr/local/bin/node","gid":1000,"memoryUsage":{"arrayBuffers":84525,"external":1746409,"heapTotal":24227840,"heapUsed":22064840,"rss":71200768},"pid":18930,"uid":1000,"version":"v14.17.6"},"stack":"Error: connect ECONNREFUSED 127.0.0.1:6379\n    at TCPConnectWrap.afterConnect [as oncomplete] (net.js:1148:16)","trace":[{"column":16,"file":"net.js","function":"TCPConnectWrap.afterConnect [as oncomplete]","line":1148,"method":"afterConnect [as oncomplete]","native":false}]}
