{"level":"info","message":"Mysql DB connected"}
{"level":"info","message":"Server listening at port 3000"}
{"level":"info","message":"Mysql DB connected"}
{"level":"info","message":"Server listening at port 3000"}
{"level":"info","message":"Mysql DB connected"}
{"level":"info","message":"Server listening at port 3000"}
{"level":"info","message":"Mysql DB connected"}
{"level":"info","message":"Server listening at port 3000"}
{"level":"info","message":"Mysql DB connected"}
{"level":"info","message":"Server listening at port 3000"}
{"level":"error","message":"TypeError: Class constructors cannot be invoked without 'new'"}
{"level":"info","message":"::1 - - [30/Nov/2021:05:15:32 +0000] \"POST /auth/signup HTTP/1.1\" 500 123 \"-\" \"PostmanRuntime/7.28.4\"\n"}
{"level":"info","message":"Mysql DB connected"}
{"level":"info","message":"Server listening at port 3000"}
{"level":"info","message":"Mysql DB connected"}
{"level":"info","message":"Server listening at port 3000"}
{"level":"info","message":"Mysql DB connected"}
{"level":"info","message":"Server listening at port 3000"}
{"level":"error","message":"TypeError: models.user.Save is not a constructor"}
{"level":"info","message":"::1 - - [30/Nov/2021:05:17:12 +0000] \"POST /auth/signup HTTP/1.1\" 500 110 \"-\" \"PostmanRuntime/7.28.4\"\n"}
{"level":"info","message":"Mysql DB connected"}
{"level":"info","message":"Server listening at port 3000"}
{"level":"info","message":"::1 - - [30/Nov/2021:05:19:16 +0000] \"POST /auth/signup HTTP/1.1\" 200 43 \"-\" \"PostmanRuntime/7.28.4\"\n"}
{"level":"info","message":"Mysql DB connected"}
{"level":"info","message":"Server listening at port 3000"}
{"level":"error","message":"TypeError: models.User is not a constructor"}
{"level":"info","message":"::1 - - [30/Nov/2021:05:21:13 +0000] \"POST /auth/signup HTTP/1.1\" 500 105 \"-\" \"PostmanRuntime/7.28.4\"\n"}
{"level":"info","message":"Mysql DB connected"}
{"level":"info","message":"Server listening at port 3000"}
{"level":"error","message":"TypeError: models.User is not a constructor"}
{"level":"info","message":"::1 - - [30/Nov/2021:05:21:36 +0000] \"POST /auth/signup HTTP/1.1\" 500 105 \"-\" \"PostmanRuntime/7.28.4\"\n"}
{"level":"info","message":"Mysql DB connected"}
{"level":"info","message":"Server listening at port 3000"}
{"level":"info","message":"Mysql DB connected"}
{"level":"info","message":"Server listening at port 3000"}
{"level":"info","message":"Mysql DB connected"}
{"level":"info","message":"Server listening at port 3000"}
{"level":"info","message":"::1 - - [30/Nov/2021:05:25:08 +0000] \"POST /auth/signup HTTP/1.1\" 200 43 \"-\" \"PostmanRuntime/7.28.4\"\n"}
{"level":"info","message":"::1 - - [30/Nov/2021:05:25:45 +0000] \"POST /auth/signup HTTP/1.1\" 200 43 \"-\" \"PostmanRuntime/7.28.4\"\n"}
{"level":"info","message":"Mysql DB connected"}
{"level":"info","message":"Server listening at port 3000"}
{"level":"info","message":"Mysql DB connected"}
{"level":"info","message":"Server listening at port 3000"}
{"level":"error","message":"SequelizeValidationError: notNull Violation: user.name cannot be null,\nnotNull Violation: user.email cannot be null,\nnotNull Violation: user.password cannot be null"}
{"level":"info","message":"::1 - - [30/Nov/2021:05:28:38 +0000] \"POST /auth/signup HTTP/1.1\" 500 228 \"-\" \"PostmanRuntime/7.28.4\"\n"}
{"level":"info","message":"Mysql DB connected"}
{"level":"info","message":"Server listening at port 3000"}
{"level":"error","message":"TypeError: models.user.save is not a function"}
{"level":"info","message":"::1 - - [30/Nov/2021:05:30:29 +0000] \"POST /auth/signup HTTP/1.1\" 500 107 \"-\" \"PostmanRuntime/7.28.4\"\n"}
{"level":"info","message":"Mysql DB connected"}
{"level":"info","message":"Server listening at port 3000"}
{"level":"error","message":"SequelizeValidationError: notNull Violation: user.name cannot be null,\nnotNull Violation: user.email cannot be null,\nnotNull Violation: user.password cannot be null"}
{"level":"info","message":"::1 - - [30/Nov/2021:05:30:51 +0000] \"POST /auth/signup HTTP/1.1\" 500 228 \"-\" \"PostmanRuntime/7.28.4\"\n"}
{"level":"info","message":"Mysql DB connected"}
{"level":"info","message":"Server listening at port 3000"}
{"level":"error","message":"TypeError: models.user.Create is not a constructor"}
{"level":"info","message":"::1 - - [30/Nov/2021:05:31:24 +0000] \"POST /auth/signup HTTP/1.1\" 500 112 \"-\" \"PostmanRuntime/7.28.4\"\n"}
{"level":"info","message":"Mysql DB connected"}
{"level":"info","message":"Server listening at port 3000"}
{"level":"info","message":"Mysql DB connected"}
{"level":"info","message":"Server listening at port 3000"}
{"level":"error","message":"SequelizeValidationError: notNull Violation: user.name cannot be null,\nnotNull Violation: user.email cannot be null,\nnotNull Violation: user.password cannot be null"}
{"level":"info","message":"::1 - - [30/Nov/2021:05:32:13 +0000] \"POST /auth/signup HTTP/1.1\" 500 228 \"-\" \"PostmanRuntime/7.28.4\"\n"}
{"level":"info","message":"Mysql DB connected"}
{"level":"info","message":"Server listening at port 3000"}
{"level":"error","message":"TypeError: models.user.createIndex is not a function"}
{"level":"info","message":"::1 - - [30/Nov/2021:05:50:12 +0000] \"POST /auth/signup HTTP/1.1\" 500 114 \"-\" \"PostmanRuntime/7.28.4\"\n"}
{"level":"info","message":"Mysql DB connected"}
{"level":"info","message":"Server listening at port 3000"}
{"level":"error","message":"TypeError: models.user.createIndex is not a function"}
{"level":"info","message":"::1 - - [30/Nov/2021:05:50:42 +0000] \"POST /auth/signup HTTP/1.1\" 500 114 \"-\" \"PostmanRuntime/7.28.4\"\n"}
{"level":"info","message":"Mysql DB connected"}
{"level":"info","message":"Server listening at port 3000"}
{"level":"error","message":"TypeError: models.user.createIndex is not a function"}
{"level":"info","message":"::1 - - [30/Nov/2021:05:51:00 +0000] \"POST /auth/signup HTTP/1.1\" 500 114 \"-\" \"PostmanRuntime/7.28.4\"\n"}
{"level":"info","message":"Mysql DB connected"}
{"level":"info","message":"Server listening at port 3000"}
{"level":"info","message":"::1 - - [30/Nov/2021:07:55:42 +0000] \"POST /auth/signup HTTP/1.1\" 200 43 \"-\" \"PostmanRuntime/7.28.4\"\n"}
{"level":"info","message":"Mysql DB connected"}
{"level":"info","message":"Server listening at port 3000"}
{"level":"info","message":"Mysql DB connected"}
{"level":"info","message":"Server listening at port 3000"}
{"level":"info","message":"Mysql DB connected"}
{"level":"info","message":"Server listening at port 3000"}
{"level":"info","message":"Mysql DB connected"}
{"level":"info","message":"Server listening at port 3000"}
{"level":"info","message":"Mysql DB connected"}
{"level":"info","message":"Server listening at port 3000"}
{"level":"error","message":"TypeError: models.create is not a function"}
{"level":"info","message":"::1 - - [30/Nov/2021:07:59:22 +0000] \"POST /auth/signup HTTP/1.1\" 500 104 \"-\" \"PostmanRuntime/7.28.4\"\n"}
{"level":"info","message":"Mysql DB connected"}
{"level":"info","message":"Server listening at port 3000"}
{"level":"info","message":"::1 - - [30/Nov/2021:07:59:36 +0000] \"POST /auth/signup HTTP/1.1\" 200 43 \"-\" \"PostmanRuntime/7.28.4\"\n"}
{"level":"info","message":"Mysql DB connected"}
{"level":"info","message":"Server listening at port 3000"}
{"level":"info","message":"Mysql DB connected"}
{"level":"info","message":"Server listening at port 3000"}
{"level":"info","message":"Mysql DB connected"}
{"level":"info","message":"Server listening at port 3000"}
{"level":"info","message":"Mysql DB connected"}
{"level":"info","message":"Server listening at port 3000"}
{"level":"info","message":"Mysql DB connected"}
{"level":"info","message":"Server listening at port 3000"}
{"level":"info","message":"Mysql DB connected"}
{"level":"info","message":"Server listening at port 3000"}
{"level":"info","message":"Mysql DB connected"}
{"level":"info","message":"Server listening at port 3000"}
{"level":"info","message":"Mysql DB connected"}
{"level":"info","message":"Server listening at port 3000"}
{"level":"info","message":"Mysql DB connected"}
{"level":"info","message":"Server listening at port 3000"}
{"level":"info","message":"Mysql DB connected"}
{"level":"info","message":"Server listening at port 3000"}
{"level":"info","message":"Mysql DB connected"}
{"level":"info","message":"Server listening at port 3000"}
{"level":"info","message":"Mysql DB connected"}
{"level":"info","message":"Server listening at port 3000"}
{"level":"info","message":"Mysql DB connected"}
{"level":"info","message":"Server listening at port 3000"}
{"level":"info","message":"Mysql DB connected"}
{"level":"info","message":"Server listening at port 3000"}
{"level":"info","message":"::1 - - [30/Nov/2021:08:11:11 +0000] \"POST /auth/login HTTP/1.1\" 200 178 \"-\" \"PostmanRuntime/7.28.4\"\n"}
{"level":"info","message":"Mysql DB connected"}
{"level":"info","message":"Server listening at port 3000"}
{"level":"error","message":"SequelizeValidationError: notNull Violation: article.userId cannot be null"}
{"level":"info","message":"::1 - - [30/Nov/2021:08:11:26 +0000] \"POST /article HTTP/1.1\" 500 136 \"-\" \"PostmanRuntime/7.28.4\"\n"}
{"level":"info","message":"Mysql DB connected"}
{"level":"info","message":"Server listening at port 3000"}
{"level":"error","message":"SequelizeValidationError: notNull Violation: article.userId cannot be null"}
{"level":"info","message":"::1 - - [30/Nov/2021:08:13:25 +0000] \"POST /article HTTP/1.1\" 500 136 \"-\" \"PostmanRuntime/7.28.4\"\n"}
{"level":"info","message":"Mysql DB connected"}
{"level":"info","message":"Server listening at port 3000"}
{"level":"error","message":"SequelizeValidationError: notNull Violation: article.userId cannot be null"}
{"level":"info","message":"::1 - - [30/Nov/2021:08:15:57 +0000] \"POST /article HTTP/1.1\" 500 136 \"-\" \"PostmanRuntime/7.28.4\"\n"}
{"level":"error","message":"SequelizeValidationError: notNull Violation: article.userId cannot be null"}
{"level":"info","message":"::1 - - [30/Nov/2021:08:16:00 +0000] \"POST /article HTTP/1.1\" 500 136 \"-\" \"PostmanRuntime/7.28.4\"\n"}
{"level":"info","message":"Mysql DB connected"}
{"level":"info","message":"Server listening at port 3000"}
{"level":"error","message":"SequelizeValidationError: notNull Violation: article.userId cannot be null"}
{"level":"info","message":"::1 - - [30/Nov/2021:08:17:09 +0000] \"POST /article HTTP/1.1\" 500 136 \"-\" \"PostmanRuntime/7.28.4\"\n"}
{"level":"info","message":"Mysql DB connected"}
{"level":"info","message":"Server listening at port 3000"}
{"level":"error","message":"SequelizeValidationError: notNull Violation: article.userId cannot be null"}
{"level":"info","message":"::1 - - [30/Nov/2021:08:17:33 +0000] \"POST /article HTTP/1.1\" 500 136 \"-\" \"PostmanRuntime/7.28.4\"\n"}
{"level":"error","message":"SequelizeValidationError: notNull Violation: article.userId cannot be null"}
{"level":"info","message":"::1 - - [30/Nov/2021:08:17:35 +0000] \"POST /article HTTP/1.1\" 500 136 \"-\" \"PostmanRuntime/7.28.4\"\n"}
{"level":"info","message":"Mysql DB connected"}
{"level":"info","message":"Server listening at port 3000"}
{"level":"error","message":"SequelizeValidationError: notNull Violation: article.userId cannot be null"}
{"level":"info","message":"::1 - - [30/Nov/2021:08:17:42 +0000] \"POST /article HTTP/1.1\" 500 136 \"-\" \"PostmanRuntime/7.28.4\"\n"}
{"level":"error","message":"SequelizeValidationError: notNull Violation: article.userId cannot be null"}
{"level":"info","message":"::1 - - [30/Nov/2021:08:17:43 +0000] \"POST /article HTTP/1.1\" 500 136 \"-\" \"PostmanRuntime/7.28.4\"\n"}
{"level":"error","message":"SequelizeValidationError: notNull Violation: article.userId cannot be null"}
{"level":"info","message":"::1 - - [30/Nov/2021:08:18:43 +0000] \"POST /article HTTP/1.1\" 500 136 \"-\" \"PostmanRuntime/7.28.4\"\n"}
{"level":"error","message":"SequelizeValidationError: notNull Violation: article.userId cannot be null"}
{"level":"info","message":"::1 - - [30/Nov/2021:08:18:44 +0000] \"POST /article HTTP/1.1\" 500 136 \"-\" \"PostmanRuntime/7.28.4\"\n"}
{"level":"error","message":"SequelizeValidationError: notNull Violation: article.userId cannot be null"}
{"level":"info","message":"::1 - - [30/Nov/2021:08:18:46 +0000] \"POST /article HTTP/1.1\" 500 136 \"-\" \"PostmanRuntime/7.28.4\"\n"}
{"level":"info","message":"Mysql DB connected"}
{"level":"info","message":"Server listening at port 3000"}
{"level":"info","message":"Mysql DB connected"}
{"level":"info","message":"Server listening at port 3000"}
{"level":"error","message":"SequelizeValidationError: notNull Violation: article.userId cannot be null"}
{"level":"info","message":"::1 - - [30/Nov/2021:08:18:56 +0000] \"POST /article HTTP/1.1\" 500 136 \"-\" \"PostmanRuntime/7.28.4\"\n"}
{"level":"info","message":"Mysql DB connected"}
{"level":"info","message":"Server listening at port 3000"}
{"level":"info","message":"Mysql DB connected"}
{"level":"info","message":"Server listening at port 3000"}
{"level":"info","message":"Mysql DB connected"}
{"level":"info","message":"Server listening at port 3000"}
{"level":"info","message":"Mysql DB connected"}
{"level":"info","message":"Server listening at port 3000"}
{"level":"error","message":"SequelizeUniqueConstraintError: Validation error"}
{"level":"info","message":"::1 - - [30/Nov/2021:08:28:39 +0000] \"POST /auth/signup HTTP/1.1\" 500 110 \"-\" \"PostmanRuntime/7.28.4\"\n"}
{"level":"error","message":"SequelizeValidationError: notNull Violation: article.userId cannot be null"}
{"level":"info","message":"::1 - - [30/Nov/2021:08:28:44 +0000] \"POST /article HTTP/1.1\" 500 136 \"-\" \"PostmanRuntime/7.28.4\"\n"}
{"level":"error","message":"SequelizeValidationError: notNull Violation: article.userId cannot be null"}
{"level":"info","message":"::1 - - [30/Nov/2021:08:28:53 +0000] \"POST /article HTTP/1.1\" 500 136 \"-\" \"PostmanRuntime/7.28.4\"\n"}
{"level":"info","message":"Mysql DB connected"}
{"level":"info","message":"Server listening at port 3000"}
{"level":"info","message":"Mysql DB connected"}
{"level":"info","message":"Server listening at port 3000"}
{"level":"info","message":"Mysql DB connected"}
{"level":"info","message":"Server listening at port 3000"}
{"level":"error","message":"SequelizeDatabaseError: Incorrect integer value: 'asd' for column 'bodypara' at row 1"}
{"level":"info","message":"::1 - - [30/Nov/2021:08:31:02 +0000] \"POST /article HTTP/1.1\" 500 147 \"-\" \"PostmanRuntime/7.28.4\"\n"}
{"level":"info","message":"Mysql DB connected"}
{"level":"info","message":"Server listening at port 3000"}
{"level":"info","message":"Mysql DB connected"}
{"level":"info","message":"Server listening at port 3000"}
{"level":"info","message":"::1 - - [30/Nov/2021:08:35:32 +0000] \"POST /article HTTP/1.1\" 200 44 \"-\" \"PostmanRuntime/7.28.4\"\n"}
{"level":"info","message":"Mysql DB connected"}
{"level":"info","message":"Server listening at port 3000"}
{"date":"Tue Nov 30 2021 14:48:04 GMT+0530 (India Standard Time)","error":{"address":"127.0.0.1","code":"ECONNREFUSED","errno":-111,"port":6379,"syscall":"connect"},"exception":true,"level":"error","message":"uncaughtException: Redis connection to localhost:6379 failed - connect ECONNREFUSED 127.0.0.1:6379\nError: connect ECONNREFUSED 127.0.0.1:6379\n    at TCPConnectWrap.afterConnect [as oncomplete] (net.js:1148:16)","os":{"loadavg":[0.41,0.28,0.28],"uptime":17612.48},"process":{"argv":["/usr/local/bin/node","/home/user/OFF PROJECT/node_modules/pm2/lib/ProcessContainerFork.js"],"cwd":"/home/user/OFF PROJECT","execPath":"/usr/local/bin/node","gid":1000,"memoryUsage":{"arrayBuffers":92717,"external":1754601,"heapTotal":31830016,"heapUsed":21498576,"rss":73293824},"pid":32158,"uid":1000,"version":"v14.17.6"},"stack":"Error: connect ECONNREFUSED 127.0.0.1:6379\n    at TCPConnectWrap.afterConnect [as oncomplete] (net.js:1148:16)","trace":[{"column":16,"file":"net.js","function":"TCPConnectWrap.afterConnect [as oncomplete]","line":1148,"method":"afterConnect [as oncomplete]","native":false}]}
